2025-01-20 11:22:15,388 - DEBUG - main - State: [{4}, set(), 0]
2025-01-20 11:22:15,388 - DEBUG - main - Joymouse: OFF
2025-01-20 11:22:16,189 - DEBUG - main - State: [{4}, set(), 0]
2025-01-20 11:22:16,190 - DEBUG - main - Joymouse: ON
2025-01-20 11:22:18,594 - DEBUG - main - State: [{4}, set(), 0]
2025-01-20 11:22:18,596 - DEBUG - main - Joymouse: OFF
2025-01-20 11:22:19,197 - DEBUG - main - State: [{8}, set(), 0]
2025-01-20 11:22:19,198 - DEBUG - main - State: [{8, 7}, set(), 0]
2025-01-20 11:22:19,399 - DEBUG - main - State: [{8, 15, 7}, set(), 0]
2025-01-20 11:22:19,399 - DEBUG - main - Toggling visibility
2025-01-20 12:03:42,553 - DEBUG - main - State: [{4}, set(), 0]
2025-01-20 12:03:42,553 - DEBUG - main - Joymouse: OFF
2025-01-20 12:03:43,356 - DEBUG - main - State: [{7}, set(), 0]
2025-01-20 12:03:43,357 - DEBUG - main - State: [{8, 7}, set(), 0]
2025-01-20 12:03:43,557 - DEBUG - main - State: [{8, 15, 7}, set(), 0]
2025-01-20 12:03:43,560 - DEBUG - main - Toggling visibility
2025-01-20 12:06:27,182 - DEBUG - main - State: [{4}, set(), 0]
2025-01-20 12:06:27,183 - DEBUG - main - Joymouse: OFF
2025-01-20 12:06:27,984 - DEBUG - main - State: [{8}, set(), 0]
2025-01-20 12:06:28,185 - DEBUG - main - State: [{8, 7}, set(), 0]
2025-01-20 12:06:28,386 - DEBUG - main - State: [{8, 15, 7}, set(), 0]
2025-01-20 12:06:28,387 - DEBUG - main - Toggling visibility
2025-01-20 12:07:58,610 - DEBUG - main - State: [{4}, set(), 0]
2025-01-20 12:07:58,611 - DEBUG - main - Joymouse: OFF
2025-01-20 12:07:59,413 - DEBUG - main - State: [{8}, set(), 0]
2025-01-20 12:07:59,413 - DEBUG - main - State: [{8, 7}, set(), 0]
2025-01-20 12:07:59,614 - DEBUG - main - State: [{8, 15, 7}, set(), 0]
2025-01-20 12:07:59,614 - DEBUG - main - Toggling visibility
2025-01-20 12:10:29,760 - DEBUG - main - State: [{4}, set(), 0]
2025-01-20 12:10:29,761 - DEBUG - main - Joymouse: OFF
2025-01-20 12:10:30,163 - DEBUG - main - State: [{7}, set(), 0]
2025-01-20 12:10:30,164 - DEBUG - main - State: [{8, 7}, set(), 0]
2025-01-20 12:10:30,365 - DEBUG - main - State: [{8, 15, 7}, set(), 0]
2025-01-20 12:10:30,365 - DEBUG - main - Toggling visibility
2025-01-20 12:10:35,836 - ERROR - overlay - No active window found
2025-01-20 12:10:38,469 - DEBUG - main - State: [{7}, set(), 0]
2025-01-20 12:10:38,670 - DEBUG - main - State: [{7, 15}, set(), 0]
2025-01-20 12:10:38,672 - DEBUG - main - State: [{8, 7, 15}, set(), 0]
2025-01-20 12:10:38,673 - DEBUG - main - Toggling visibility
2025-01-20 12:10:40,686 - DEBUG - main - State: [{7}, set(), 0]
2025-01-20 12:10:40,687 - DEBUG - main - State: [{8, 7}, set(), 0]
2025-01-20 12:10:40,887 - DEBUG - main - State: [{8, 7, 15}, set(), 0]
2025-01-20 12:10:40,888 - DEBUG - main - Toggling visibility
2025-01-20 12:10:43,916 - DEBUG - main - State: [{4}, set(), 0]
2025-01-20 12:10:43,916 - DEBUG - main - Joymouse: ON
2025-01-20 12:10:45,122 - DEBUG - main - State: [{4}, set(), 0]
2025-01-20 12:10:45,123 - DEBUG - main - Joymouse: OFF
2025-01-20 12:10:45,323 - DEBUG - main - State: [{7}, set(), 0]
2025-01-20 12:10:45,334 - DEBUG - main - State: [{8, 7}, set(), 0]
2025-01-20 12:10:45,535 - DEBUG - main - State: [{8, 7, 15}, set(), 0]
2025-01-20 12:10:45,535 - DEBUG - main - Toggling visibility
2025-01-20 12:11:01,367 - DEBUG - main - State: [{7}, set(), 0]
2025-01-20 12:11:01,367 - DEBUG - main - State: [{8, 7}, set(), 0]
2025-01-20 12:11:01,568 - DEBUG - main - State: [{8, 7, 15}, set(), 0]
2025-01-20 12:11:01,569 - DEBUG - main - Toggling visibility
2025-01-20 12:12:02,274 - ERROR - overlay - systemctl is-active --quiet ssh.socket: 
2025-01-20 12:12:02,348 - ERROR - overlay - systemctl is-active --quiet smbd: 
2025-01-20 12:17:13,832 - DEBUG - main - State: [{10}, set(), 0]
2025-01-20 12:17:15,835 - DEBUG - main - State: [{10}, set(), 0]
2025-01-20 12:17:16,236 - DEBUG - main - State: [{8}, set(), 0]
2025-01-20 12:17:17,038 - DEBUG - main - State: [{4}, set(), 0]
2025-01-20 12:17:17,038 - DEBUG - main - Joymouse: OFF
2025-01-20 12:17:17,239 - DEBUG - main - State: [{7}, set(), 0]
2025-01-20 12:17:17,440 - DEBUG - main - State: [{8, 7}, set(), 0]
2025-01-20 12:17:17,440 - DEBUG - main - State: [{8, 15, 7}, set(), 0]
2025-01-20 12:17:17,441 - DEBUG - main - Toggling visibility
2025-01-20 12:17:21,022 - ERROR - overlay - systemctl is-active --quiet ssh.socket: 
2025-01-20 12:17:21,258 - ERROR - overlay - systemctl is-active --quiet smbd: 
2025-01-20 12:36:37,804 - DEBUG - main - State: [{8}, set(), 0]
2025-01-20 12:36:37,804 - DEBUG - main - State: [{8, 7}, set(), 0]
2025-01-20 12:36:38,005 - DEBUG - main - State: [{8, 7, 15}, set(), 0]
2025-01-20 12:36:38,006 - DEBUG - main - Toggling visibility
2025-01-20 12:37:25,733 - DEBUG - main - State: [{4}, set(), 0]
2025-01-20 12:37:25,734 - DEBUG - main - Joymouse: OFF
2025-01-20 12:37:26,936 - DEBUG - main - State: [{8}, set(), 0]
2025-01-20 12:37:27,138 - DEBUG - main - State: [{8, 7}, set(), 0]
2025-01-20 12:37:27,139 - DEBUG - main - State: [{8, 15, 7}, set(), 0]
2025-01-20 12:37:27,139 - DEBUG - main - Toggling visibility
2025-01-20 13:15:30,709 - DEBUG - main - State: [{7}, set(), 0]
2025-01-20 13:15:30,910 - DEBUG - main - State: [{8, 7}, set(), 0]
2025-01-20 13:15:31,713 - DEBUG - main - State: [{4}, set(), 0]
2025-01-20 13:15:31,714 - DEBUG - main - Joymouse: OFF
2025-01-20 13:15:32,317 - DEBUG - main - State: [{8}, set(), 0]
2025-01-20 13:15:32,318 - DEBUG - main - State: [{8, 7}, set(), 0]
2025-01-20 13:15:32,531 - DEBUG - main - State: [{8, 7, 15}, set(), 0]
2025-01-20 13:15:32,531 - DEBUG - main - Toggling visibility
2025-01-20 13:15:52,232 - DEBUG - main - State: [{4}, set(), 0]
2025-01-20 13:15:52,234 - DEBUG - main - Joymouse: OFF
2025-01-20 13:15:53,438 - DEBUG - main - State: [{7}, set(), 0]
2025-01-20 13:15:53,439 - DEBUG - main - State: [{8, 7}, set(), 0]
2025-01-20 13:15:53,640 - DEBUG - main - State: [{8, 15, 7}, set(), 0]
2025-01-20 13:15:53,641 - DEBUG - main - Toggling visibility
2025-01-20 13:16:30,525 - DEBUG - main - State: [{4}, set(), 0]
2025-01-20 13:16:30,526 - DEBUG - main - Joymouse: OFF
2025-01-20 13:16:31,128 - DEBUG - main - State: [{7}, set(), 0]
2025-01-20 13:16:31,329 - DEBUG - main - State: [{8, 7}, set(), 0]
2025-01-20 13:16:31,529 - DEBUG - main - State: [{8, 15, 7}, set(), 0]
2025-01-20 13:16:31,530 - DEBUG - main - Toggling visibility
2025-01-20 13:17:12,764 - DEBUG - main - State: [{8}, set(), 0]
2025-01-20 13:17:12,766 - DEBUG - main - State: [{8, 7}, set(), 0]
2025-01-20 13:17:12,967 - DEBUG - main - State: [{8, 15, 7}, set(), 0]
2025-01-20 13:17:14,170 - DEBUG - main - State: [{4}, set(), 0]
2025-01-20 13:17:14,171 - DEBUG - main - Joymouse: OFF
2025-01-20 13:17:14,573 - DEBUG - main - State: [{7}, set(), 0]
2025-01-20 13:17:14,574 - DEBUG - main - State: [{8, 7}, set(), 0]
2025-01-20 13:17:14,774 - DEBUG - main - State: [{8, 7, 15}, set(), 0]
2025-01-20 13:17:14,774 - DEBUG - main - Toggling visibility
2025-01-20 13:17:44,738 - DEBUG - main - State: [{4}, set(), 0]
2025-01-20 13:17:44,739 - DEBUG - main - Joymouse: OFF
2025-01-20 13:17:45,140 - DEBUG - main - State: [{7}, set(), 0]
2025-01-20 13:17:45,141 - DEBUG - main - State: [{8, 7}, set(), 0]
2025-01-20 13:17:45,341 - DEBUG - main - State: [{8, 15, 7}, set(), 0]
2025-01-20 13:17:45,342 - DEBUG - main - Toggling visibility
2025-01-20 13:18:44,686 - DEBUG - main - State: [{4}, set(), 0]
2025-01-20 13:18:44,702 - DEBUG - main - Joymouse: OFF
2025-01-20 13:18:45,359 - DEBUG - main - State: [{7}, set(), 0]
2025-01-20 13:18:45,370 - DEBUG - main - State: [{8, 7}, set(), 0]
2025-01-20 13:18:45,601 - DEBUG - main - State: [{8, 15, 7}, set(), 0]
2025-01-20 13:18:45,617 - DEBUG - main - Toggling visibility
2025-01-20 13:19:04,020 - DEBUG - main - State: [{4}, set(), 0]
2025-01-20 13:19:04,020 - DEBUG - main - Joymouse: OFF
2025-01-20 13:19:05,071 - DEBUG - main - State: [{7}, set(), 0]
2025-01-20 13:19:05,087 - DEBUG - main - State: [{8, 7}, set(), 0]
2025-01-20 13:19:05,103 - DEBUG - main - State: [{8, 15, 7}, set(), 0]
2025-01-20 13:19:05,125 - DEBUG - main - Toggling visibility
2025-01-20 13:19:24,979 - DEBUG - main - State: [{4}, set(), 0]
2025-01-20 13:19:24,990 - DEBUG - main - Joymouse: OFF
2025-01-20 13:19:25,854 - DEBUG - main - State: [{7}, set(), 0]
2025-01-20 13:19:25,870 - DEBUG - main - State: [{8, 7}, set(), 0]
2025-01-20 13:19:26,096 - DEBUG - main - State: [{8, 15, 7}, set(), 0]
2025-01-20 13:19:26,106 - DEBUG - main - Toggling visibility
2025-01-20 13:19:51,891 - DEBUG - main - State: [{7}, set(), 0]
2025-01-20 13:19:52,093 - DEBUG - main - State: [{8, 7}, set(), 0]
2025-01-20 13:19:52,094 - DEBUG - main - State: [{8, 15, 7}, set(), 0]
2025-01-20 13:19:53,498 - DEBUG - main - State: [{4}, set(), 0]
2025-01-20 13:19:53,499 - DEBUG - main - Joymouse: OFF
2025-01-20 13:19:53,900 - DEBUG - main - State: [{7}, set(), 0]
2025-01-20 13:19:53,901 - DEBUG - main - State: [{8, 7}, set(), 0]
2025-01-20 13:19:54,102 - DEBUG - main - State: [{8, 7, 15}, set(), 0]
2025-01-20 13:19:54,102 - DEBUG - main - Toggling visibility
2025-01-20 13:20:08,653 - DEBUG - main - State: [{4}, set(), 0]
2025-01-20 13:20:08,664 - DEBUG - main - Joymouse: OFF
2025-01-20 13:20:09,111 - DEBUG - main - State: [{7}, set(), 0]
2025-01-20 13:20:09,127 - DEBUG - main - State: [{8, 7}, set(), 0]
2025-01-20 13:20:09,353 - DEBUG - main - State: [{8, 15, 7}, set(), 0]
2025-01-20 13:20:09,369 - DEBUG - main - Toggling visibility
2025-01-20 13:20:34,179 - DEBUG - main - State: [{4}, set(), 0]
2025-01-20 13:20:34,195 - DEBUG - main - Joymouse: OFF
2025-01-20 13:20:34,848 - DEBUG - main - State: [{7}, set(), 0]
2025-01-20 13:20:34,863 - DEBUG - main - State: [{8, 7}, set(), 0]
2025-01-20 13:20:35,095 - DEBUG - main - State: [{8, 15, 7}, set(), 0]
2025-01-20 13:20:35,111 - DEBUG - main - Toggling visibility
2025-01-20 13:22:36,216 - DEBUG - main - State: [{7}, set(), 0]
2025-01-20 13:22:36,417 - DEBUG - main - State: [{8, 7}, set(), 0]
2025-01-20 13:22:36,419 - DEBUG - main - State: [{8, 15, 7}, set(), 0]
2025-01-20 13:22:37,223 - DEBUG - main - State: [{4}, set(), 0]
2025-01-20 13:22:37,224 - DEBUG - main - Joymouse: OFF
2025-01-20 13:22:37,626 - DEBUG - main - State: [{7}, set(), 0]
2025-01-20 13:22:37,626 - DEBUG - main - State: [{8, 7}, set(), 0]
2025-01-20 13:22:37,827 - DEBUG - main - State: [{8, 7, 15}, set(), 0]
2025-01-20 13:22:37,827 - DEBUG - main - Toggling visibility
2025-01-20 13:23:02,557 - DEBUG - main - State: [{8}, set(), 0]
2025-01-20 13:23:02,558 - DEBUG - main - State: [{8, 7}, set(), 0]
2025-01-20 13:23:03,360 - DEBUG - main - State: [{4}, set(), 0]
2025-01-20 13:23:17,111 - DEBUG - main - State: [{4}, set(), 0]
2025-01-20 13:23:17,127 - DEBUG - main - Joymouse: OFF
2025-01-20 13:23:17,569 - DEBUG - main - State: [{7}, set(), 0]
2025-01-20 13:23:17,800 - DEBUG - main - State: [{8, 7}, set(), 0]
2025-01-20 13:23:17,816 - DEBUG - main - State: [{8, 15, 7}, set(), 0]
2025-01-20 13:23:17,832 - DEBUG - main - Toggling visibility
2025-01-20 13:23:45,372 - DEBUG - main - State: [{4}, set(), 0]
2025-01-20 13:23:45,388 - DEBUG - main - Joymouse: OFF
2025-01-20 13:23:45,832 - DEBUG - main - State: [{7}, set(), 0]
2025-01-20 13:23:45,848 - DEBUG - main - State: [{8, 7}, set(), 0]
2025-01-20 13:23:46,080 - DEBUG - main - State: [{8, 15, 7}, set(), 0]
2025-01-20 13:23:46,096 - DEBUG - main - Toggling visibility
2025-01-20 13:24:08,862 - DEBUG - main - State: [{4}, set(), 0]
2025-01-20 13:24:08,863 - DEBUG - main - Joymouse: OFF
2025-01-20 13:24:09,481 - DEBUG - main - State: [{8}, set(), 0]
2025-01-20 13:24:09,482 - DEBUG - main - State: [{8, 7}, set(), 0]
2025-01-20 13:24:09,683 - DEBUG - main - State: [{8, 15, 7}, set(), 0]
2025-01-20 13:24:09,683 - DEBUG - main - Toggling visibility
2025-01-20 13:24:12,056 - ERROR - overlay - No active window found
2025-01-20 13:53:06,306 - DEBUG - main - State: [{4}, set(), 0]
2025-01-20 13:53:06,307 - DEBUG - main - Joymouse: OFF
2025-01-20 13:53:07,109 - DEBUG - main - State: [{7}, set(), 0]
2025-01-20 13:53:07,109 - DEBUG - main - State: [{8, 7}, set(), 0]
2025-01-20 13:53:07,310 - DEBUG - main - State: [{8, 15, 7}, set(), 0]
2025-01-20 13:53:07,310 - DEBUG - main - Toggling visibility
2025-01-20 13:58:50,682 - DEBUG - main - State: [{4}, set(), 0]
2025-01-20 13:58:50,682 - DEBUG - main - Joymouse: OFF
2025-01-20 13:58:50,742 - DEBUG - main - State: [{4}, set(), 0]
2025-01-20 13:58:52,286 - DEBUG - main - State: [{4}, set(), 0]
2025-01-20 13:58:52,287 - DEBUG - main - Joymouse: ON
2025-01-20 13:58:53,892 - DEBUG - main - State: [{4}, set(), 0]
2025-01-20 13:58:53,893 - DEBUG - main - Joymouse: OFF
2025-01-20 13:58:55,095 - DEBUG - main - State: [{8}, set(), 0]
2025-01-20 13:58:55,296 - DEBUG - main - State: [{8, 7}, set(), 0]
2025-01-20 13:58:55,499 - DEBUG - main - State: [{8, 15, 7}, set(), 0]
2025-01-20 13:58:55,500 - DEBUG - main - Toggling visibility
2025-01-20 13:59:11,630 - DEBUG - main - State: [{7}, set(), 0]
2025-01-20 13:59:11,636 - DEBUG - main - State: [{8, 7}, set(), 0]
2025-01-20 13:59:11,842 - DEBUG - main - State: [{8, 7, 15}, set(), 0]
2025-01-20 13:59:11,846 - DEBUG - main - Toggling visibility
2025-01-20 14:00:35,574 - ERROR - overlay - systemctl is-active --quiet ssh.socket: 
2025-01-20 14:00:35,652 - ERROR - overlay - systemctl is-active --quiet smbd: 
2025-01-20 14:06:31,912 - DEBUG - main - State: [{10}, set(), 0]
2025-01-20 14:06:32,313 - DEBUG - main - State: [{10}, set(), 0]
2025-01-20 14:15:04,618 - DEBUG - main - State: [{4}, set(), 0]
2025-01-20 14:15:04,619 - DEBUG - main - Joymouse: OFF
2025-01-20 14:15:05,221 - DEBUG - main - State: [{8}, set(), 0]
2025-01-20 14:15:05,221 - DEBUG - main - State: [{8, 7}, set(), 0]
2025-01-20 14:15:05,422 - DEBUG - main - State: [{8, 15, 7}, set(), 0]
2025-01-20 14:15:05,422 - DEBUG - main - Toggling visibility
2025-01-20 14:15:07,400 - ERROR - overlay - systemctl is-active --quiet ssh.socket: 
2025-01-20 14:15:07,611 - ERROR - overlay - systemctl is-active --quiet smbd: 
2025-01-20 14:15:13,119 - DEBUG - main - State: [{8}, set(), 0]
2025-01-20 14:15:13,322 - DEBUG - main - State: [{8, 7}, set(), 0]
2025-01-20 14:15:13,523 - DEBUG - main - State: [{8, 7, 15}, set(), 0]
2025-01-20 14:15:13,524 - DEBUG - main - Toggling visibility
2025-01-20 14:24:20,793 - DEBUG - main - State: [{4}, set(), 0]
2025-01-20 14:24:20,796 - DEBUG - main - Joymouse: OFF
2025-01-20 14:24:21,406 - DEBUG - main - State: [{8}, set(), 0]
2025-01-20 14:24:21,409 - DEBUG - main - State: [{8, 7}, set(), 0]
2025-01-20 14:24:21,614 - DEBUG - main - State: [{8, 15, 7}, set(), 0]
2025-01-20 14:24:21,617 - DEBUG - main - Toggling visibility
2025-01-20 14:24:39,739 - DEBUG - main - State: [{4}, set(), 0]
2025-01-20 14:24:39,744 - DEBUG - main - Joymouse: OFF
2025-01-20 14:24:40,149 - DEBUG - main - State: [{7}, set(), 0]
2025-01-20 14:24:40,152 - DEBUG - main - State: [{8, 7}, set(), 0]
2025-01-20 14:24:40,354 - DEBUG - main - State: [{8, 15, 7}, set(), 0]
2025-01-20 14:24:40,354 - DEBUG - main - Toggling visibility
2025-01-20 14:24:45,662 - DEBUG - main - State: [{8}, set(), 0]
2025-01-20 14:24:45,667 - DEBUG - main - State: [{8, 7}, set(), 0]
2025-01-20 14:24:45,872 - DEBUG - main - State: [{8, 7, 15}, set(), 0]
2025-01-20 14:24:45,875 - DEBUG - main - Toggling visibility
2025-01-20 14:25:36,485 - DEBUG - main - State: [{4}, set(), 0]
2025-01-20 14:25:36,489 - DEBUG - main - Joymouse: OFF
2025-01-20 14:25:36,893 - DEBUG - main - State: [{7}, set(), 0]
2025-01-20 14:25:36,894 - DEBUG - main - State: [{8, 7}, set(), 0]
2025-01-20 14:25:37,094 - DEBUG - main - State: [{8, 15, 7}, set(), 0]
2025-01-20 14:25:37,095 - DEBUG - main - Toggling visibility
2025-01-20 14:25:46,810 - DEBUG - main - State: [{4}, set(), 0]
2025-01-20 14:25:46,814 - DEBUG - main - Joymouse: OFF
2025-01-20 14:25:47,440 - DEBUG - main - State: [{7}, set(), 0]
2025-01-20 14:25:47,443 - DEBUG - main - State: [{8, 7}, set(), 0]
2025-01-20 14:25:47,647 - DEBUG - main - State: [{8, 15, 7}, set(), 0]
2025-01-20 14:25:47,651 - DEBUG - main - Toggling visibility
2025-01-20 14:27:12,991 - DEBUG - main - State: [{4}, set(), 0]
2025-01-20 14:27:12,992 - DEBUG - main - Joymouse: OFF
2025-01-20 14:27:13,398 - DEBUG - main - State: [{7}, set(), 0]
2025-01-20 14:27:13,603 - DEBUG - main - State: [{8, 7}, set(), 0]
2025-01-20 14:27:13,806 - DEBUG - main - State: [{8, 15, 7}, set(), 0]
2025-01-20 14:27:13,808 - DEBUG - main - Toggling visibility
2025-01-20 14:27:18,744 - ERROR - overlay - No active window found
2025-01-20 14:27:20,103 - ERROR - overlay - No active window found
2025-01-20 14:27:20,274 - ERROR - overlay - No active window found
2025-01-20 14:27:20,451 - ERROR - overlay - No active window found
2025-01-20 14:27:54,735 - DEBUG - main - State: [{8}, set(), 0]
2025-01-20 14:27:54,735 - DEBUG - main - State: [{8, 7}, set(), 0]
2025-01-20 14:27:54,745 - DEBUG - main - State: [{8, 15, 7}, set(), 0]
2025-01-20 14:27:56,758 - DEBUG - main - State: [{7}, set(), 0]
2025-01-20 14:27:56,759 - DEBUG - main - State: [{8, 7}, set(), 0]
2025-01-20 14:27:56,960 - DEBUG - main - State: [{8, 7, 15}, set(), 0]
2025-01-20 14:27:57,968 - DEBUG - main - State: [{4}, set(), 0]
2025-01-20 14:27:57,972 - DEBUG - main - Joymouse: OFF
2025-01-20 14:27:58,378 - DEBUG - main - State: [{7}, set(), 0]
2025-01-20 14:27:58,584 - DEBUG - main - State: [{8, 7}, set(), 0]
2025-01-20 14:27:58,590 - DEBUG - main - State: [{8, 7, 15}, set(), 0]
2025-01-20 14:27:58,592 - DEBUG - main - Toggling visibility
2025-01-20 14:28:04,705 - DEBUG - main - State: [{7}, set(), 0]
2025-01-20 14:28:04,708 - DEBUG - main - State: [{8, 7}, set(), 0]
2025-01-20 14:28:04,912 - DEBUG - main - State: [{8, 7, 15}, set(), 0]
2025-01-20 14:28:04,915 - DEBUG - main - Toggling visibility
2025-01-20 14:29:58,920 - DEBUG - main - State: [{4}, set(), 0]
2025-01-20 14:29:58,924 - DEBUG - main - Joymouse: OFF
2025-01-20 14:29:59,528 - DEBUG - main - State: [{8}, set(), 0]
2025-01-20 14:29:59,528 - DEBUG - main - State: [{8, 7}, set(), 0]
2025-01-20 14:29:59,730 - DEBUG - main - State: [{8, 15, 7}, set(), 0]
2025-01-20 14:29:59,733 - DEBUG - main - Toggling visibility
2025-01-20 14:30:53,835 - DEBUG - main - State: [{4}, set(), 0]
2025-01-20 14:30:53,835 - DEBUG - main - Joymouse: OFF
2025-01-20 14:30:54,459 - DEBUG - main - State: [{7}, set(), 0]
2025-01-20 14:30:54,462 - DEBUG - main - State: [{8, 7}, set(), 0]
2025-01-20 14:30:54,667 - DEBUG - main - State: [{8, 15, 7}, set(), 0]
2025-01-20 14:30:54,670 - DEBUG - main - Toggling visibility
2025-01-20 14:31:02,822 - DEBUG - main - State: [{8}, set(), 0]
2025-01-20 14:31:03,028 - DEBUG - main - State: [{8, 7}, set(), 0]
2025-01-20 14:31:03,032 - DEBUG - main - State: [{8, 7, 15}, set(), 0]
2025-01-20 14:31:03,034 - DEBUG - main - Toggling visibility
2025-01-20 14:31:32,655 - DEBUG - main - State: [{4}, set(), 0]
2025-01-20 14:31:32,656 - DEBUG - main - Joymouse: OFF
2025-01-20 14:31:33,058 - DEBUG - main - State: [{7}, set(), 0]
2025-01-20 14:31:33,059 - DEBUG - main - State: [{8, 7}, set(), 0]
2025-01-20 14:31:33,280 - DEBUG - main - State: [{8, 15, 7}, set(), 0]
2025-01-20 14:31:33,282 - DEBUG - main - Toggling visibility
2025-01-20 14:38:25,382 - DEBUG - main - State: [{11}, set(), 0]
2025-01-20 14:38:25,383 - DEBUG - main - Grabbing GPIO
2025-01-20 14:38:26,792 - DEBUG - main - State: [{4}, set(), 0]
2025-01-20 14:38:26,796 - DEBUG - main - Ungrabbing GPIO
2025-01-20 14:38:26,815 - DEBUG - main - Joymouse: OFF
2025-01-20 14:38:28,025 - DEBUG - main - State: [{7}, set(), 0]
2025-01-20 14:38:28,028 - DEBUG - main - State: [{8, 7}, set(), 0]
2025-01-20 14:38:28,232 - DEBUG - main - State: [{8, 15, 7}, set(), 0]
2025-01-20 14:38:28,232 - DEBUG - main - Toggling visibility
2025-01-20 14:39:44,597 - DEBUG - main - State: [{4}, set(), 0]
2025-01-20 14:39:44,599 - DEBUG - main - Joymouse: OFF
2025-01-20 14:39:45,408 - DEBUG - main - State: [{8}, set(), 0]
2025-01-20 14:39:45,410 - DEBUG - main - State: [{8, 7}, set(), 0]
2025-01-20 14:39:45,611 - DEBUG - main - State: [{8, 15, 7}, set(), 0]
2025-01-20 14:39:45,612 - DEBUG - main - Toggling visibility
2025-01-20 14:40:15,886 - DEBUG - main - State: [{8}, set(), 0]
2025-01-20 14:40:15,886 - DEBUG - main - State: [{8, 7}, set(), 0]
2025-01-20 14:40:15,887 - DEBUG - main - State: [{8, 7, 15}, set(), 0]
2025-01-20 14:40:15,887 - DEBUG - main - Toggling visibility
2025-01-20 14:40:24,041 - DEBUG - main - State: [{4}, set(), 0]
2025-01-20 14:40:24,045 - DEBUG - main - Joymouse: OFF
2025-01-20 14:40:24,456 - DEBUG - main - State: [{7}, set(), 0]
2025-01-20 14:40:24,662 - DEBUG - main - State: [{8, 7}, set(), 0]
2025-01-20 14:40:24,665 - DEBUG - main - State: [{8, 15, 7}, set(), 0]
2025-01-20 14:40:24,667 - DEBUG - main - Toggling visibility
2025-01-20 14:40:32,825 - DEBUG - main - State: [{7}, set(), 0]
2025-01-20 14:40:32,830 - DEBUG - main - State: [{8, 7}, set(), 0]
2025-01-20 14:40:33,035 - DEBUG - main - State: [{8, 7, 15}, set(), 0]
2025-01-20 14:40:33,039 - DEBUG - main - Toggling visibility
2025-01-20 14:43:17,588 - DEBUG - main - State: [{4}, set(), 0]
2025-01-20 14:43:17,592 - DEBUG - main - Joymouse: OFF
2025-01-20 14:43:19,408 - DEBUG - main - State: [{8}, set(), 0]
2025-01-20 14:43:19,613 - DEBUG - main - State: [{8, 7}, set(), 0]
2025-01-20 14:43:19,616 - DEBUG - main - State: [{8, 15, 7}, set(), 0]
2025-01-20 14:43:19,618 - DEBUG - main - Toggling visibility
2025-01-20 14:43:50,094 - DEBUG - main - State: [{8}, set(), 0]
2025-01-20 14:43:50,094 - DEBUG - main - State: [{8, 7}, set(), 0]
2025-01-20 14:43:50,298 - DEBUG - main - State: [{8, 7, 15}, set(), 0]
2025-01-20 14:43:50,302 - DEBUG - main - Toggling visibility
2025-01-20 14:43:59,652 - DEBUG - main - State: [{6}, set(), 0]
2025-01-20 14:44:00,061 - DEBUG - main - State: [{4}, set(), 0]
2025-01-20 14:44:00,065 - DEBUG - main - Joymouse: OFF
2025-01-20 14:44:00,470 - DEBUG - main - State: [{7}, set(), 0]
2025-01-20 14:44:00,471 - DEBUG - main - State: [{8, 7}, set(), 0]
2025-01-20 14:44:00,671 - DEBUG - main - State: [{8, 15, 7}, set(), 0]
2025-01-20 14:44:00,672 - DEBUG - main - Toggling visibility
2025-01-20 14:44:21,479 - DEBUG - main - State: [{5}, set(), 0]
2025-01-20 14:44:22,486 - DEBUG - main - State: [{8}, set(), 0]
2025-01-20 14:44:22,487 - DEBUG - main - State: [{8, 7}, set(), 0]
2025-01-20 14:44:22,688 - DEBUG - main - State: [{8, 15, 7}, set(), 0]
2025-01-20 14:44:22,689 - DEBUG - main - Toggling visibility
2025-01-20 14:44:29,767 - DEBUG - main - State: [{4}, set(), 0]
2025-01-20 14:44:29,771 - DEBUG - main - Joymouse: OFF
2025-01-20 14:44:30,177 - DEBUG - main - State: [{8}, set(), 0]
2025-01-20 14:44:30,181 - DEBUG - main - State: [{8, 7}, set(), 0]
2025-01-20 14:44:30,385 - DEBUG - main - State: [{8, 15, 7}, set(), 0]
2025-01-20 14:44:30,389 - DEBUG - main - Toggling visibility
2025-01-20 14:46:43,283 - DEBUG - main - State: [{5}, set(), 0]
2025-01-20 14:47:15,282 - DEBUG - main - State: [{5}, set(), 0]
2025-01-20 14:47:25,081 - DEBUG - main - State: [{4}, set(), 0]
2025-01-20 14:47:25,082 - DEBUG - main - Joymouse: OFF
2025-01-20 14:47:26,289 - DEBUG - main - State: [{7}, set(), 0]
2025-01-20 14:47:26,290 - DEBUG - main - State: [{8, 7}, set(), 0]
2025-01-20 14:47:26,491 - DEBUG - main - State: [{8, 15, 7}, set(), 0]
2025-01-20 14:47:26,491 - DEBUG - main - Toggling visibility
2025-01-20 14:49:45,670 - DEBUG - main - State: [{4}, set(), 0]
2025-01-20 14:49:45,671 - DEBUG - main - Joymouse: OFF
2025-01-20 14:49:46,082 - DEBUG - main - State: [{7}, set(), 0]
2025-01-20 14:49:46,085 - DEBUG - main - State: [{8, 7}, set(), 0]
2025-01-20 14:49:46,290 - DEBUG - main - State: [{8, 15, 7}, set(), 0]
2025-01-20 14:49:46,294 - DEBUG - main - Toggling visibility
2025-01-20 14:50:25,622 - DEBUG - main - State: [{8}, set(), 0]
2025-01-20 14:50:25,625 - DEBUG - main - State: [{8, 7}, set(), 0]
2025-01-20 14:50:25,628 - DEBUG - main - State: [{8, 7, 15}, set(), 0]
2025-01-20 14:50:25,630 - DEBUG - main - Toggling visibility
2025-01-20 14:53:54,805 - DEBUG - main - State: [{4}, set(), 0]
2025-01-20 14:53:54,808 - DEBUG - main - Joymouse: OFF
2025-01-20 14:53:55,210 - DEBUG - main - State: [{7}, set(), 0]
2025-01-20 14:53:55,413 - DEBUG - main - State: [{8, 7}, set(), 0]
2025-01-20 14:53:55,416 - DEBUG - main - State: [{8, 15, 7}, set(), 0]
2025-01-20 14:53:55,417 - DEBUG - main - Toggling visibility
2025-01-20 14:55:36,924 - DEBUG - main - State: [{8}, set(), 0]
2025-01-20 14:55:36,925 - DEBUG - main - State: [{8, 7}, set(), 0]
2025-01-20 14:55:37,126 - DEBUG - main - State: [{8, 7, 15}, set(), 0]
2025-01-20 14:55:37,127 - DEBUG - main - Toggling visibility
2025-01-20 14:55:38,952 - DEBUG - main - State: [{8}, set(), 0]
2025-01-20 14:55:38,952 - DEBUG - main - State: [{8, 7}, set(), 0]
2025-01-20 14:55:38,952 - DEBUG - main - State: [{8, 7, 15}, set(), 0]
2025-01-20 14:55:38,953 - DEBUG - main - Toggling visibility
2025-01-20 14:55:48,417 - DEBUG - main - State: [{8}, set(), 0]
2025-01-20 14:55:48,417 - DEBUG - main - State: [{8, 7}, set(), 0]
2025-01-20 14:55:48,619 - DEBUG - main - State: [{8, 7, 15}, set(), 0]
2025-01-20 14:55:48,620 - DEBUG - main - Toggling visibility
2025-01-20 14:55:57,479 - DEBUG - main - State: [{4}, set(), 0]
2025-01-20 14:55:57,483 - DEBUG - main - Joymouse: OFF
2025-01-20 14:55:58,497 - DEBUG - main - State: [{8}, set(), 0]
2025-01-20 14:55:58,500 - DEBUG - main - State: [{8, 7}, set(), 0]
2025-01-20 14:55:58,701 - DEBUG - main - State: [{8, 15, 7}, set(), 0]
2025-01-20 14:55:58,702 - DEBUG - main - Toggling visibility
2025-01-20 15:00:19,527 - DEBUG - main - State: [{4}, set(), 0]
2025-01-20 15:00:19,530 - DEBUG - main - Joymouse: OFF
2025-01-20 15:00:20,134 - DEBUG - main - State: [{8}, set(), 0]
2025-01-20 15:00:20,134 - DEBUG - main - State: [{8, 7}, set(), 0]
2025-01-20 15:00:20,337 - DEBUG - main - State: [{8, 15, 7}, set(), 0]
2025-01-20 15:00:20,339 - DEBUG - main - Toggling visibility
2025-01-20 15:04:00,442 - DEBUG - main - State: [{4}, set(), 0]
2025-01-20 15:04:00,445 - DEBUG - main - Joymouse: OFF
2025-01-20 15:04:01,853 - DEBUG - main - State: [{4}, set(), 0]
2025-01-20 15:04:01,855 - DEBUG - main - Joymouse: ON
2025-01-20 15:04:14,430 - DEBUG - main - State: [{4}, set(), 0]
2025-01-20 15:04:14,434 - DEBUG - main - Joymouse: OFF
2025-01-20 15:04:15,044 - DEBUG - main - State: [{8}, set(), 0]
2025-01-20 15:04:15,045 - DEBUG - main - State: [{8, 7}, set(), 0]
2025-01-20 15:04:15,245 - DEBUG - main - State: [{8, 15, 7}, set(), 0]
2025-01-20 15:04:15,246 - DEBUG - main - Toggling visibility
2025-01-20 15:06:39,144 - DEBUG - main - State: [{4}, set(), 0]
2025-01-20 15:06:39,146 - DEBUG - main - Joymouse: OFF
2025-01-20 15:06:39,956 - DEBUG - main - State: [{8}, set(), 0]
2025-01-20 15:06:39,960 - DEBUG - main - State: [{8, 7}, set(), 0]
2025-01-20 15:06:40,164 - DEBUG - main - State: [{8, 15, 7}, set(), 0]
2025-01-20 15:06:40,166 - DEBUG - main - Toggling visibility
2025-01-20 15:07:48,534 - DEBUG - main - State: [{4}, set(), 0]
2025-01-20 15:07:48,539 - DEBUG - main - Joymouse: OFF
2025-01-20 15:07:49,547 - DEBUG - main - State: [{7}, set(), 0]
2025-01-20 15:07:49,552 - DEBUG - main - State: [{8, 7}, set(), 0]
2025-01-20 15:07:49,755 - DEBUG - main - State: [{8, 15, 7}, set(), 0]
2025-01-20 15:07:49,756 - DEBUG - main - Toggling visibility
2025-01-20 15:08:01,305 - DEBUG - main - State: [{7}, set(), 0]
2025-01-20 15:08:01,309 - DEBUG - main - State: [{8, 7}, set(), 0]
2025-01-20 15:08:01,311 - DEBUG - main - State: [{8, 7, 15}, set(), 0]
2025-01-20 15:08:01,312 - DEBUG - main - Toggling visibility
2025-01-20 15:14:43,413 - DEBUG - main - State: [{4}, set(), 0]
2025-01-20 15:14:43,414 - DEBUG - main - Joymouse: OFF
2025-01-20 15:14:44,019 - DEBUG - main - State: [{7}, set(), 0]
2025-01-20 15:14:44,020 - DEBUG - main - State: [{8, 7}, set(), 0]
2025-01-20 15:14:44,021 - DEBUG - main - State: [{8, 15, 7}, set(), 0]
2025-01-20 15:14:44,022 - DEBUG - main - Toggling visibility
2025-01-20 15:14:44,022 - DEBUG - overlay - Toggling visibility
2025-01-20 15:15:32,970 - DEBUG - main - State: [{4}, set(), 0]
2025-01-20 15:15:32,971 - DEBUG - main - Joymouse: OFF
2025-01-20 15:15:33,377 - DEBUG - main - State: [{8}, set(), 0]
2025-01-20 15:15:33,381 - DEBUG - main - State: [{8, 7}, set(), 0]
2025-01-20 15:15:33,585 - DEBUG - main - State: [{8, 15, 7}, set(), 0]
2025-01-20 15:15:33,588 - DEBUG - main - Toggling visibility
2025-01-20 15:19:18,132 - DEBUG - main - State: [{4}, set(), 0]
2025-01-20 15:19:18,133 - DEBUG - main - Joymouse: OFF
2025-01-20 15:19:18,736 - DEBUG - main - State: [{7}, set(), 0]
2025-01-20 15:19:18,737 - DEBUG - main - State: [{8, 7}, set(), 0]
2025-01-20 15:19:18,938 - DEBUG - main - State: [{8, 15, 7}, set(), 0]
2025-01-20 15:19:18,939 - DEBUG - main - Toggling visibility
2025-01-20 15:19:21,818 - ERROR - overlay - kill 0x0080000a: /bin/sh: 1: kill: Illegal number: 0x0080000a
2025-01-20 15:19:29,168 - ERROR - overlay - kill 0x0080000a: /bin/sh: 1: kill: Illegal number: 0x0080000a
2025-01-20 15:19:30,223 - ERROR - overlay - kill 0x0080000a: /bin/sh: 1: kill: Illegal number: 0x0080000a
2025-01-20 15:26:29,899 - DEBUG - main - State: [{4}, set(), 0]
2025-01-20 15:26:29,902 - DEBUG - main - Joymouse: OFF
2025-01-20 15:26:31,312 - DEBUG - main - State: [{7}, set(), 0]
2025-01-20 15:26:31,313 - DEBUG - main - State: [{8, 7}, set(), 0]
2025-01-20 15:26:31,517 - DEBUG - main - State: [{8, 15, 7}, set(), 0]
2025-01-20 15:26:31,518 - DEBUG - main - Toggling visibility
2025-01-20 15:27:17,398 - DEBUG - main - State: [{4}, set(), 0]
2025-01-20 15:27:17,403 - DEBUG - main - Joymouse: OFF
2025-01-20 15:27:17,808 - DEBUG - main - State: [{7}, set(), 0]
2025-01-20 15:27:17,811 - DEBUG - main - State: [{8, 7}, set(), 0]
2025-01-20 15:27:18,016 - DEBUG - main - State: [{8, 15, 7}, set(), 0]
2025-01-20 15:27:18,018 - DEBUG - main - Toggling visibility
2025-01-20 15:29:29,828 - DEBUG - main - State: [{4}, set(), 0]
2025-01-20 15:29:29,833 - DEBUG - main - Joymouse: OFF
2025-01-20 15:29:30,441 - DEBUG - main - State: [{8}, set(), 0]
2025-01-20 15:29:30,444 - DEBUG - main - State: [{8, 7}, set(), 0]
2025-01-20 15:29:30,649 - DEBUG - main - State: [{8, 15, 7}, set(), 0]
2025-01-20 15:29:30,651 - DEBUG - main - Toggling visibility
2025-01-20 15:30:40,412 - DEBUG - main - State: [{4}, set(), 0]
2025-01-20 15:30:40,417 - DEBUG - main - Joymouse: OFF
2025-01-20 15:30:40,822 - DEBUG - main - State: [{7}, set(), 0]
2025-01-20 15:30:40,825 - DEBUG - main - State: [{8, 7}, set(), 0]
2025-01-20 15:30:41,029 - DEBUG - main - State: [{8, 15, 7}, set(), 0]
2025-01-20 15:30:41,032 - DEBUG - main - Toggling visibility
2025-01-20 15:30:58,428 - DEBUG - main - State: [{8}, set(), 0]
2025-01-20 15:30:58,432 - DEBUG - main - State: [{8, 7}, set(), 0]
2025-01-20 15:30:58,637 - DEBUG - main - State: [{8, 7, 15}, set(), 0]
2025-01-20 15:30:58,640 - DEBUG - main - Toggling visibility
2025-01-20 15:31:09,725 - DEBUG - main - State: [{8}, set(), 0]
2025-01-20 15:31:09,728 - DEBUG - main - State: [{8, 7}, set(), 0]
2025-01-20 15:31:09,730 - DEBUG - main - State: [{8, 7, 15}, set(), 0]
2025-01-20 15:31:09,731 - DEBUG - main - Toggling visibility
2025-01-20 15:31:26,394 - DEBUG - main - State: [{8}, set(), 0]
2025-01-20 15:31:26,395 - DEBUG - main - State: [{8, 7}, set(), 0]
2025-01-20 15:31:26,395 - DEBUG - main - State: [{8, 7, 15}, set(), 0]
2025-01-20 15:31:26,396 - DEBUG - main - Toggling visibility
2025-01-20 15:33:16,557 - DEBUG - main - State: [{4}, set(), 0]
2025-01-20 15:33:16,559 - DEBUG - main - Joymouse: OFF
2025-01-20 15:33:17,160 - DEBUG - main - State: [{7}, set(), 0]
2025-01-20 15:33:17,161 - DEBUG - main - State: [{8, 7}, set(), 0]
2025-01-20 15:33:17,161 - DEBUG - main - State: [{8, 15, 7}, set(), 0]
2025-01-20 15:33:17,161 - DEBUG - main - Toggling visibility
2025-01-20 15:33:23,463 - DEBUG - main - State: [{8}, set(), 0]
2025-01-20 15:33:23,464 - DEBUG - main - State: [{8, 7}, set(), 0]
2025-01-20 15:33:23,664 - DEBUG - main - State: [{8, 7, 15}, set(), 0]
2025-01-20 15:33:23,665 - DEBUG - main - Toggling visibility
2025-01-20 15:34:16,589 - DEBUG - main - State: [{7}, set(), 0]
2025-01-20 15:34:16,590 - DEBUG - main - State: [{8, 7}, set(), 0]
2025-01-20 15:34:16,791 - DEBUG - main - State: [{8, 7, 15}, set(), 0]
2025-01-20 15:34:16,792 - DEBUG - main - Toggling visibility
2025-01-20 15:35:04,664 - DEBUG - main - State: [{4}, set(), 0]
2025-01-20 15:35:04,668 - DEBUG - main - Joymouse: OFF
2025-01-20 15:35:05,883 - DEBUG - main - State: [{7}, set(), 0]
2025-01-20 15:35:05,884 - DEBUG - main - State: [{8, 7}, set(), 0]
2025-01-20 15:35:05,885 - DEBUG - main - State: [{8, 15, 7}, set(), 0]
2025-01-20 15:35:05,885 - DEBUG - main - Toggling visibility
2025-01-20 15:35:10,800 - DEBUG - main - State: [{4}, set(), 0]
2025-01-20 15:35:10,805 - DEBUG - main - Joymouse: ON
2025-01-20 15:35:12,816 - DEBUG - main - State: [{8}, set(), 0]
2025-01-20 15:35:15,622 - DEBUG - main - State: [{8}, set(), 0]
2025-01-20 15:35:15,822 - DEBUG - main - State: [{8, 7}, set(), 0]
2025-01-20 15:35:15,823 - DEBUG - main - State: [{8, 7, 15}, set(), 0]
2025-01-20 15:35:16,824 - DEBUG - main - State: [{4}, set(), 0]
2025-01-20 15:35:16,825 - DEBUG - main - Joymouse: OFF
2025-01-20 15:35:17,827 - DEBUG - main - State: [{7}, set(), 0]
2025-01-20 15:35:17,831 - DEBUG - main - State: [{8, 7}, set(), 0]
2025-01-20 15:35:18,032 - DEBUG - main - State: [{8, 7, 15}, set(), 0]
2025-01-20 15:35:18,032 - DEBUG - main - Toggling visibility
2025-01-20 15:35:34,473 - DEBUG - main - State: [{7}, set(), 0]
2025-01-20 15:35:34,474 - DEBUG - main - State: [{8, 7}, set(), 0]
2025-01-20 15:35:34,475 - DEBUG - main - State: [{8, 7, 15}, set(), 0]
2025-01-20 15:35:34,475 - DEBUG - main - Toggling visibility
2025-01-20 15:35:45,108 - DEBUG - main - State: [{8}, set(), 0]
2025-01-20 15:35:45,109 - DEBUG - main - State: [{8, 7}, set(), 0]
2025-01-20 15:35:45,311 - DEBUG - main - State: [{8, 7, 15}, set(), 0]
2025-01-20 15:35:45,312 - DEBUG - main - Toggling visibility
2025-01-20 15:35:45,924 - DEBUG - main - State: [{7}, set(), 0]
2025-01-20 15:35:46,125 - DEBUG - main - State: [{8, 7}, set(), 0]
2025-01-20 15:35:46,126 - DEBUG - main - State: [{8, 7, 15}, set(), 0]
2025-01-20 15:35:46,127 - DEBUG - main - Toggling visibility
2025-01-20 15:36:45,472 - DEBUG - main - State: [{7}, set(), 0]
2025-01-20 15:36:45,473 - DEBUG - main - State: [{8, 7}, set(), 0]
2025-01-20 15:36:45,473 - DEBUG - main - State: [{8, 7, 15}, set(), 0]
2025-01-20 15:36:45,473 - DEBUG - main - Toggling visibility
2025-01-20 15:38:32,517 - DEBUG - main - State: [{4}, set(), 0]
2025-01-20 15:38:32,518 - DEBUG - main - Joymouse: OFF
2025-01-20 15:38:33,119 - DEBUG - main - State: [{8}, set(), 0]
2025-01-20 15:38:33,120 - DEBUG - main - State: [{8, 7}, set(), 0]
2025-01-20 15:38:33,321 - DEBUG - main - State: [{8, 15, 7}, set(), 0]
2025-01-20 15:38:33,321 - DEBUG - main - Toggling visibility
2025-01-20 15:39:31,342 - DEBUG - main - State: [{4}, set(), 0]
2025-01-20 15:39:31,343 - DEBUG - main - Joymouse: OFF
2025-01-20 15:39:31,744 - DEBUG - main - State: [{7}, set(), 0]
2025-01-20 15:39:31,745 - DEBUG - main - State: [{8, 7}, set(), 0]
2025-01-20 15:39:31,945 - DEBUG - main - State: [{8, 15, 7}, set(), 0]
2025-01-20 15:39:31,946 - DEBUG - main - Toggling visibility
2025-01-20 15:40:27,715 - DEBUG - main - State: [{4}, set(), 0]
2025-01-20 15:40:27,716 - DEBUG - main - Joymouse: OFF
2025-01-20 15:40:28,119 - DEBUG - main - State: [{7}, set(), 0]
2025-01-20 15:40:28,321 - DEBUG - main - State: [{8, 7}, set(), 0]
2025-01-20 15:40:29,926 - DEBUG - main - State: [{8}, set(), 0]
2025-01-20 15:40:29,927 - DEBUG - main - State: [{8, 7}, set(), 0]
2025-01-20 15:40:30,128 - DEBUG - main - State: [{8, 7, 15}, set(), 0]
2025-01-20 15:40:30,130 - DEBUG - main - Toggling visibility
2025-01-20 15:41:13,111 - DEBUG - main - State: [{4}, set(), 0]
2025-01-20 15:41:13,114 - DEBUG - main - Joymouse: ON
2025-01-20 15:42:05,166 - ERROR - overlay - systemctl is-active --quiet ssh.socket: 
2025-01-20 15:42:05,247 - ERROR - overlay - systemctl is-active --quiet smbd: 
2025-01-20 15:42:17,127 - DEBUG - main - State: [{4}, set(), 0]
2025-01-20 15:42:17,128 - DEBUG - main - Joymouse: OFF
2025-01-20 15:42:17,530 - DEBUG - main - State: [{7}, set(), 0]
2025-01-20 15:42:17,731 - DEBUG - main - State: [{8, 7}, set(), 0]
2025-01-20 15:42:17,731 - DEBUG - main - State: [{8, 15, 7}, set(), 0]
2025-01-20 15:42:17,732 - DEBUG - main - Toggling visibility
2025-01-20 15:42:20,145 - ERROR - overlay - systemctl is-active --quiet ssh.socket: 
2025-01-20 15:42:20,374 - ERROR - overlay - systemctl is-active --quiet smbd: 
2025-01-20 15:45:53,416 - DEBUG - main - State: [{4}, set(), 0]
2025-01-20 15:45:53,416 - DEBUG - main - Joymouse: OFF
2025-01-20 15:45:54,018 - DEBUG - main - State: [{7}, set(), 0]
2025-01-20 15:45:54,018 - DEBUG - main - State: [{8, 7}, set(), 0]
2025-01-20 15:45:54,219 - DEBUG - main - State: [{8, 15, 7}, set(), 0]
2025-01-20 15:45:54,220 - DEBUG - main - Toggling visibility
2025-01-20 15:46:02,522 - DEBUG - main - State: [{7}, set(), 0]
2025-01-20 15:46:02,522 - DEBUG - main - State: [{8, 7}, set(), 0]
2025-01-20 15:46:02,523 - DEBUG - main - State: [{8, 7, 15}, set(), 0]
2025-01-20 15:46:02,523 - DEBUG - main - Toggling visibility
2025-01-20 15:47:01,281 - ERROR - overlay - systemctl is-active --quiet ssh.socket: 
2025-01-20 15:47:01,343 - ERROR - overlay - systemctl is-active --quiet smbd: 
2025-01-20 16:20:57,204 - DEBUG - main - State: [{8}, set(), 0]
2025-01-20 16:20:57,204 - DEBUG - main - State: [{8, 7}, set(), 0]
2025-01-20 16:20:57,205 - DEBUG - main - State: [{8, 15, 7}, set(), 0]
2025-01-20 16:20:58,209 - DEBUG - main - State: [{4}, set(), 0]
2025-01-20 16:20:58,210 - DEBUG - main - Joymouse: OFF
2025-01-20 16:20:58,613 - DEBUG - main - State: [{7}, set(), 0]
2025-01-20 16:20:58,814 - DEBUG - main - State: [{8, 7}, set(), 0]
2025-01-20 16:20:58,814 - DEBUG - main - State: [{8, 7, 15}, set(), 0]
2025-01-20 16:20:58,814 - DEBUG - main - Toggling visibility
2025-01-20 16:21:59,203 - DEBUG - main - State: [{17}, set(), 0]
2025-01-20 16:21:59,604 - DEBUG - main - State: [{17}, set(), 0]
2025-01-20 16:22:00,008 - DEBUG - main - State: [{17}, set(), 0]
2025-01-20 16:22:00,410 - DEBUG - main - State: [{17}, set(), 0]
2025-01-20 16:22:00,811 - DEBUG - main - State: [{17}, set(), 0]
2025-01-20 16:22:01,212 - DEBUG - main - State: [{17}, set(), 0]
2025-01-20 16:22:01,814 - DEBUG - main - State: [{17}, set(), 0]
2025-01-20 16:22:02,415 - DEBUG - main - State: [{17}, set(), 0]
2025-01-20 16:22:03,016 - DEBUG - main - State: [{17}, set(), 0]
2025-01-20 16:22:03,418 - DEBUG - main - State: [{17}, set(), 0]
2025-01-20 16:22:04,020 - DEBUG - main - State: [{17}, set(), 0]
2025-01-20 16:22:04,221 - DEBUG - main - State: [{17}, set(), 0]
2025-01-20 16:22:04,422 - DEBUG - main - State: [{17}, set(), 0]
2025-01-20 16:22:04,824 - DEBUG - main - State: [{17}, set(), 0]
2025-01-20 16:22:05,627 - DEBUG - main - State: [{17}, set(), 0]
2025-01-20 16:22:06,028 - DEBUG - main - State: [{16}, set(), 0]
2025-01-20 16:22:06,430 - DEBUG - main - State: [{0}, set(), 0]
2025-01-20 16:22:07,232 - DEBUG - main - State: [{0}, set(), 0]
2025-01-20 16:22:09,236 - DEBUG - main - State: [{8}, set(), 0]
2025-01-20 16:22:09,437 - DEBUG - main - State: [{8, 7}, set(), 0]
2025-01-20 16:22:09,438 - DEBUG - main - State: [{8, 7, 15}, set(), 0]
2025-01-20 16:22:09,439 - DEBUG - main - Toggling visibility
2025-01-20 16:22:16,667 - DEBUG - main - State: [{15}, set(), 0]
2025-01-20 16:22:16,871 - DEBUG - main - State: [{15}, set(), 0]
2025-01-20 16:22:17,073 - DEBUG - main - State: [{15}, set(), 0]
2025-01-20 16:22:17,274 - DEBUG - main - State: [{0}, set(), 0]
2025-01-20 16:22:17,878 - DEBUG - main - State: [{17}, set(), 0]
2025-01-20 16:22:18,078 - DEBUG - main - State: [{17}, set(), 0]
2025-01-20 16:22:18,885 - DEBUG - main - State: [{16}, set(), 0]
2025-01-20 16:22:19,893 - DEBUG - main - State: [{15}, set(), 0]
2025-01-20 16:22:21,698 - DEBUG - main - State: [{1}, set(), 0]
2025-01-20 16:22:22,102 - DEBUG - main - State: [{14}, set(), 0]
2025-01-20 16:22:22,303 - DEBUG - main - State: [{0}, set(), 0]
2025-01-20 16:22:22,909 - DEBUG - main - State: [{17}, set(), 0]
2025-01-20 16:22:24,314 - DEBUG - main - State: [{16}, set(), 0]
2025-01-20 16:22:26,525 - DEBUG - main - State: [{14}, set(), 0]
2025-01-20 16:22:26,727 - DEBUG - main - State: [{14}, set(), 0]
2025-01-20 16:22:29,540 - DEBUG - main - State: [{15}, set(), 0]
2025-01-20 16:22:31,952 - DEBUG - main - State: [{14}, set(), 0]
2025-01-20 16:22:33,962 - DEBUG - main - State: [{14}, set(), 0]
2025-01-20 16:22:34,166 - DEBUG - main - State: [{14}, set(), 0]
2025-01-20 16:22:34,370 - DEBUG - main - State: [{14}, set(), 0]
2025-01-20 16:22:34,773 - DEBUG - main - State: [{0}, set(), 0]
2025-01-20 16:22:41,793 - DEBUG - main - State: [{15}, set(), 0]
2025-01-20 16:22:41,996 - DEBUG - main - State: [{15}, set(), 0]
2025-01-20 16:22:42,197 - DEBUG - main - State: [{15}, set(), 0]
2025-01-20 16:22:59,689 - DEBUG - main - State: [{17}, set(), 0]
2025-01-20 16:23:01,702 - DEBUG - main - State: [{17}, set(), 0]
2025-01-20 16:23:02,911 - DEBUG - main - State: [{17}, set(), 0]
2025-01-20 16:23:04,721 - DEBUG - main - State: [{17}, set(), 0]
2025-01-20 16:23:05,124 - DEBUG - main - State: [{17}, set(), 0]
2025-01-20 16:23:05,731 - DEBUG - main - State: [{17}, set(), 0]
2025-01-20 16:23:11,366 - DEBUG - main - State: [{17}, set(), 0]
2025-01-20 16:23:12,976 - DEBUG - main - State: [{17}, set(), 0]
2025-01-20 16:23:13,784 - DEBUG - main - State: [{17}, set(), 0]
2025-01-20 16:23:14,793 - DEBUG - main - State: [{17}, set(), 0]
2025-01-20 16:23:15,397 - DEBUG - main - State: [{17}, set(), 0]
2025-01-20 16:23:16,000 - DEBUG - main - State: [{17}, set(), 0]
2025-01-20 16:23:16,403 - DEBUG - main - State: [{17}, set(), 0]
2025-01-20 16:23:17,006 - DEBUG - main - State: [{17}, set(), 0]
2025-01-20 16:23:18,213 - DEBUG - main - State: [{17}, set(), 0]
2025-01-20 16:23:19,419 - DEBUG - main - State: [{17}, set(), 0]
2025-01-20 16:23:20,828 - DEBUG - main - State: [{17}, set(), 0]
2025-01-20 16:23:27,065 - DEBUG - main - State: [{17}, set(), 0]
2025-01-20 16:23:27,870 - DEBUG - main - State: [{17}, set(), 0]
2025-01-20 16:23:28,875 - DEBUG - main - State: [{17}, set(), 0]
2025-01-20 16:23:29,882 - DEBUG - main - State: [{17}, set(), 0]
2025-01-20 16:23:30,890 - DEBUG - main - State: [{17}, set(), 0]
2025-01-20 16:23:31,494 - DEBUG - main - State: [{17}, set(), 0]
2025-01-20 16:23:32,501 - DEBUG - main - State: [{17}, set(), 0]
2025-01-20 16:23:33,910 - DEBUG - main - State: [{17}, set(), 0]
2025-01-20 16:23:35,321 - DEBUG - main - State: [{17}, set(), 0]
2025-01-20 16:23:37,937 - DEBUG - main - State: [{17}, set(), 0]
2025-01-20 16:23:40,150 - DEBUG - main - State: [{17}, set(), 0]
2025-01-20 16:24:23,306 - DEBUG - main - State: [{17}, set(), 0]
2025-01-20 16:24:28,941 - DEBUG - main - State: [{17}, set(), 0]
2025-01-20 16:24:30,753 - DEBUG - main - State: [{17}, set(), 0]
2025-01-20 16:24:34,776 - DEBUG - main - State: [{17}, set(), 0]
2025-01-20 16:24:36,186 - DEBUG - main - State: [{17}, set(), 0]
2025-01-20 16:24:36,992 - DEBUG - main - State: [{17}, set(), 0]
2025-01-20 16:24:37,797 - DEBUG - main - State: [{17}, set(), 0]
2025-01-20 16:24:38,603 - DEBUG - main - State: [{17}, set(), 0]
2025-01-20 16:24:39,407 - DEBUG - main - State: [{17}, set(), 0]
2025-01-20 16:24:40,215 - DEBUG - main - State: [{17}, set(), 0]
2025-01-20 16:24:42,427 - DEBUG - main - State: [{2}, set(), 0]
2025-01-20 16:25:58,050 - DEBUG - main - State: [{16}, set(), 0]
2025-01-20 16:25:58,855 - DEBUG - main - State: [{16}, set(), 0]
2025-01-20 16:25:59,057 - DEBUG - main - State: [{16}, set(), 0]
2025-01-20 16:25:59,259 - DEBUG - main - State: [{16}, set(), 0]
2025-01-20 16:25:59,660 - DEBUG - main - State: [{17}, set(), 0]
2025-01-20 16:26:00,063 - DEBUG - main - State: [{16}, set(), 0]
2025-01-20 16:26:00,664 - DEBUG - main - State: [{16}, set(), 0]
2025-01-20 16:26:01,065 - DEBUG - main - State: [{16}, set(), 0]
2025-01-20 16:26:01,266 - DEBUG - main - State: [{16}, set(), 0]
2025-01-20 16:26:01,467 - DEBUG - main - State: [{16}, set(), 0]
2025-01-20 16:26:01,868 - DEBUG - main - State: [{17}, set(), 0]
2025-01-20 16:26:02,269 - DEBUG - main - State: [{15}, set(), 0]
2025-01-20 16:26:02,670 - DEBUG - main - State: [{15}, set(), 0]
2025-01-20 16:26:02,871 - DEBUG - main - State: [{15}, set(), 0]
2025-01-20 16:26:03,272 - DEBUG - main - State: [{14}, set(), 0]
2025-01-20 16:26:03,473 - DEBUG - main - State: [{14}, set(), 0]
2025-01-20 16:26:03,674 - DEBUG - main - State: [{14}, set(), 0]
2025-01-20 16:26:04,276 - DEBUG - main - State: [{9}, set(), 0]
2025-01-20 16:26:04,678 - DEBUG - main - State: [{8}, set(), 0]
2025-01-20 16:26:05,080 - DEBUG - main - State: [{0}, set(), 0]
2025-01-20 16:26:05,281 - DEBUG - main - State: [{8}, set(), 0]
2025-01-20 16:26:05,482 - DEBUG - main - State: [{15}, set(), 0]
2025-01-20 16:26:05,684 - DEBUG - main - State: [{0}, set(), 0]
2025-01-20 16:26:17,311 - DEBUG - main - State: [{15}, set(), 0]
2025-01-20 16:26:17,512 - DEBUG - main - State: [{0}, set(), 0]
2025-01-20 16:26:18,114 - DEBUG - main - State: [{1}, set(), 0]
2025-01-20 16:26:18,716 - DEBUG - main - State: [{14}, set(), 0]
2025-01-20 16:26:19,120 - DEBUG - main - State: [{0}, set(), 0]
2025-01-20 16:26:21,724 - DEBUG - main - State: [{15}, set(), 0]
2025-01-20 16:26:22,527 - DEBUG - main - State: [{14}, set(), 0]
2025-01-20 16:26:24,330 - DEBUG - main - State: [{0}, set(), 0]
2025-01-20 16:26:27,336 - DEBUG - main - State: [{17}, set(), 0]
2025-01-20 16:26:27,537 - DEBUG - main - State: [{0}, set(), 0]
2025-01-20 16:26:28,539 - DEBUG - main - State: [{15}, set(), 0]
2025-01-20 16:26:28,740 - DEBUG - main - State: [{0}, set(), 0]
2025-01-20 16:26:29,142 - DEBUG - main - State: [{15}, set(), 0]
2025-01-20 16:26:30,346 - DEBUG - main - State: [{9}, set(), 0]
2025-01-20 16:26:30,748 - DEBUG - main - State: [{8}, set(), 0]
2025-01-20 16:26:30,950 - DEBUG - main - State: [{0}, set(), 0]
2025-01-20 16:26:31,152 - DEBUG - main - State: [{8}, set(), 0]
2025-01-20 16:26:31,354 - DEBUG - main - State: [{15}, set(), 0]
2025-01-20 16:26:32,356 - DEBUG - main - State: [{0}, set(), 0]
2025-01-20 16:26:41,979 - DEBUG - main - State: [{0}, set(), 0]
2025-01-20 16:26:49,391 - DEBUG - main - State: [{15}, set(), 0]
2025-01-20 16:26:49,992 - DEBUG - main - State: [{17}, set(), 0]
2025-01-20 16:26:49,993 - DEBUG - main - State: [{0}, set(), 0]
2025-01-20 16:26:51,195 - DEBUG - main - State: [{15}, set(), 0]
2025-01-20 16:26:51,397 - DEBUG - main - State: [{0}, set(), 0]
2025-01-20 16:26:51,799 - DEBUG - main - State: [{15}, set(), 0]
2025-01-20 16:26:52,601 - DEBUG - main - State: [{9}, set(), 0]
2025-01-20 16:26:52,803 - DEBUG - main - State: [{8}, set(), 0]
2025-01-20 16:26:53,406 - DEBUG - main - State: [{0}, set(), 0]
2025-01-20 16:26:53,607 - DEBUG - main - State: [{8}, set(), 0]
2025-01-20 16:26:53,808 - DEBUG - main - State: [{15}, set(), 0]
2025-01-20 16:26:54,209 - DEBUG - main - State: [{0}, set(), 0]
2025-01-20 16:27:04,438 - DEBUG - main - State: [{0}, set(), 0]
2025-01-20 16:27:13,452 - DEBUG - main - State: [{17}, set(), 0]
2025-01-20 16:27:13,653 - DEBUG - main - State: [{0}, set(), 0]
2025-01-20 16:27:14,655 - DEBUG - main - State: [{15}, set(), 0]
2025-01-20 16:27:14,857 - DEBUG - main - State: [{0}, set(), 0]
2025-01-20 16:27:15,058 - DEBUG - main - State: [{15}, set(), 0]
2025-01-20 16:27:15,861 - DEBUG - main - State: [{9}, set(), 0]
2025-01-20 16:27:16,062 - DEBUG - main - State: [{8}, set(), 0]
2025-01-20 16:27:16,464 - DEBUG - main - State: [{0}, set(), 0]
2025-01-20 16:27:16,866 - DEBUG - main - State: [{8}, set(), 0]
2025-01-20 16:27:17,067 - DEBUG - main - State: [{15}, set(), 0]
2025-01-20 16:27:17,269 - DEBUG - main - State: [{0}, set(), 0]
2025-01-20 16:27:58,551 - DEBUG - main - State: [{15}, set(), 0]
2025-01-20 16:27:58,953 - DEBUG - main - State: [{0}, set(), 0]
2025-01-20 16:28:05,954 - DEBUG - main - State: [{17}, set(), 0]
2025-01-20 16:28:05,955 - DEBUG - main - State: [{0}, set(), 0]
2025-01-20 16:28:07,159 - DEBUG - main - State: [{15}, set(), 0]
2025-01-20 16:28:07,161 - DEBUG - main - State: [{0}, set(), 0]
2025-01-20 16:28:07,562 - DEBUG - main - State: [{15}, set(), 0]
2025-01-20 16:28:08,164 - DEBUG - main - State: [{14}, set(), 0]
2025-01-20 16:28:08,766 - DEBUG - main - State: [{14}, set(), 0]
2025-01-20 16:28:09,770 - DEBUG - main - State: [{14}, set(), 0]
2025-01-20 16:28:10,171 - DEBUG - main - State: [{14}, set(), 0]
2025-01-20 16:28:10,573 - DEBUG - main - State: [{15}, set(), 0]
2025-01-20 16:28:10,774 - DEBUG - main - State: [{15}, set(), 0]
2025-01-20 16:28:10,975 - DEBUG - main - State: [{15}, set(), 0]
2025-01-20 16:28:11,376 - DEBUG - main - State: [{0}, set(), 0]
2025-01-20 16:28:29,606 - DEBUG - main - State: [{0}, set(), 0]
2025-01-20 16:28:45,427 - DEBUG - main - State: [{10}, set(), 0]
2025-01-20 16:28:47,831 - DEBUG - main - State: [{10}, set(), 0]
2025-01-20 16:28:49,233 - DEBUG - main - State: [{0}, set(), 0]
2025-01-20 16:29:01,849 - DEBUG - main - State: [{0}, set(), 0]
2025-01-20 16:29:06,254 - DEBUG - main - State: [{0}, set(), 0]
2025-01-20 16:29:07,856 - DEBUG - main - State: [{0}, set(), 0]
2025-01-20 16:29:11,861 - DEBUG - main - State: [{0}, set(), 0]
2025-01-20 16:29:15,265 - DEBUG - main - State: [{0}, set(), 0]
2025-01-20 16:29:35,495 - DEBUG - main - State: [{7}, set(), 0]
2025-01-20 16:29:35,497 - DEBUG - main - State: [{8, 7}, set(), 0]
2025-01-20 16:29:35,906 - DEBUG - main - State: [{8, 15, 7}, set(), 0]
2025-01-20 16:29:35,906 - DEBUG - main - Toggling visibility
2025-01-20 16:30:00,959 - DEBUG - main - State: [{16}, set(), 0]
2025-01-20 16:30:01,160 - DEBUG - main - State: [{16}, set(), 0]
2025-01-20 16:30:01,561 - DEBUG - main - State: [{16}, set(), 0]
2025-01-20 16:30:01,762 - DEBUG - main - State: [{16}, set(), 0]
2025-01-20 16:30:01,962 - DEBUG - main - State: [{16}, set(), 0]
2025-01-20 16:30:02,163 - DEBUG - main - State: [{16}, set(), 0]
2025-01-20 16:30:02,966 - DEBUG - main - State: [{14}, set(), 0]
2025-01-20 16:30:03,368 - DEBUG - main - State: [{14}, set(), 0]
2025-01-20 16:30:03,570 - DEBUG - main - State: [{14}, set(), 0]
2025-01-20 16:30:03,772 - DEBUG - main - State: [{14}, set(), 0]
2025-01-20 16:30:03,974 - DEBUG - main - State: [{14}, set(), 0]
2025-01-20 16:30:04,176 - DEBUG - main - State: [{14}, set(), 0]
2025-01-20 16:30:04,377 - DEBUG - main - State: [{0}, set(), 0]
2025-01-20 16:30:19,040 - DEBUG - main - State: [{4}, set(), 0]
2025-01-20 16:30:19,044 - DEBUG - main - Joymouse: ON
2025-01-20 16:30:27,311 - DEBUG - main - State: [{8}, set(), 0]
2025-01-20 16:30:29,327 - DEBUG - main - State: [{8}, set(), 0]
2025-01-20 16:30:31,342 - DEBUG - main - State: [{8}, set(), 0]
2025-01-20 16:30:34,372 - DEBUG - main - State: [{8}, set(), 0]
2025-01-20 16:30:38,193 - DEBUG - main - State: [{8}, set(), 0]
2025-01-20 16:30:38,795 - DEBUG - main - State: [{8}, set(), 0]
2025-01-20 16:30:40,806 - DEBUG - main - State: [{8}, set(), 0]
2025-01-20 16:30:45,035 - DEBUG - main - State: [{4}, set(), 0]
2025-01-20 16:30:45,038 - DEBUG - main - Joymouse: OFF
2025-01-20 16:30:45,441 - DEBUG - main - State: [{8}, set(), 0]
2025-01-20 16:30:45,443 - DEBUG - main - State: [{8, 7}, set(), 0]
2025-01-20 16:30:45,646 - DEBUG - main - State: [{8, 15, 7}, set(), 0]
2025-01-20 16:30:45,648 - DEBUG - main - Toggling visibility
2025-01-20 16:30:55,088 - DEBUG - main - State: [{17}, set(), 0]
2025-01-20 16:30:55,288 - DEBUG - main - State: [{17}, set(), 0]
2025-01-20 16:30:55,489 - DEBUG - main - State: [{17}, set(), 0]
2025-01-20 16:30:56,492 - DEBUG - main - State: [{16}, set(), 0]
2025-01-20 16:30:56,894 - DEBUG - main - State: [{17}, set(), 0]
2025-01-20 16:30:57,095 - DEBUG - main - State: [{17}, set(), 0]
2025-01-20 16:30:57,296 - DEBUG - main - State: [{17}, set(), 0]
2025-01-20 16:30:58,098 - DEBUG - main - State: [{16}, set(), 0]
2025-01-20 16:30:58,900 - DEBUG - main - State: [{17}, set(), 0]
2025-01-20 16:30:59,102 - DEBUG - main - State: [{17}, set(), 0]
2025-01-20 16:31:00,706 - DEBUG - main - State: [{0}, set(), 0]
2025-01-20 16:31:15,728 - DEBUG - main - State: [{0}, set(), 0]
2025-01-20 16:31:16,531 - DEBUG - main - State: [{10}, set(), 0]
2025-01-20 16:31:23,738 - DEBUG - main - State: [{10}, set(), 0]
2025-01-20 16:31:26,943 - DEBUG - main - State: [{10}, set(), 0]
2025-01-20 16:31:28,946 - DEBUG - main - State: [{0}, set(), 0]
2025-01-20 16:31:32,752 - DEBUG - main - State: [{0}, set(), 0]
2025-01-20 16:31:34,754 - DEBUG - main - State: [{0}, set(), 0]
2025-01-20 16:31:36,958 - DEBUG - main - State: [{0}, set(), 0]
2025-01-20 16:31:40,762 - DEBUG - main - State: [{0}, set(), 0]
2025-01-20 16:31:43,965 - DEBUG - main - State: [{0}, set(), 0]
2025-01-20 16:32:06,663 - DEBUG - main - State: [{0}, set(), 0]
2025-01-20 16:33:22,578 - DEBUG - main - State: [{0}, set(), 0]
2025-01-20 16:33:45,213 - DEBUG - main - State: [{0}, set(), 0]
2025-01-20 16:34:32,275 - DEBUG - main - State: [{0}, set(), 0]
2025-01-20 16:35:18,147 - DEBUG - main - State: [{0}, set(), 0]
2025-01-20 16:36:22,646 - DEBUG - main - State: [{0}, set(), 0]
2025-01-20 16:36:37,674 - DEBUG - main - State: [{0}, set(), 0]
2025-01-20 16:36:44,285 - DEBUG - main - State: [{12}, set(), 0]
2025-01-20 16:36:52,297 - DEBUG - main - State: [{0}, set(), 0]
2025-01-20 16:36:52,698 - DEBUG - main - State: [{0}, set(), 0]
2025-01-20 16:37:12,732 - DEBUG - main - State: [{0}, set(), 0]
2025-01-20 16:37:16,136 - DEBUG - main - State: [{0}, set(), 0]
2025-01-20 16:37:30,559 - DEBUG - main - State: [{0}, set(), 0]
2025-01-20 16:37:45,384 - DEBUG - main - State: [{0}, set(), 0]
2025-01-20 16:38:01,800 - DEBUG - main - State: [{0}, set(), 0]
2025-01-20 16:38:04,604 - DEBUG - main - State: [{0}, set(), 0]
2025-01-20 16:38:48,273 - DEBUG - main - State: [{8}, set(), 0]
2025-01-20 16:40:06,821 - DEBUG - main - State: [{10}, set(), 0]
2025-01-20 16:40:07,422 - DEBUG - main - State: [{10}, set(), 0]
2025-01-20 16:40:07,824 - DEBUG - main - State: [{9}, set(), 0]
2025-01-20 16:40:09,027 - DEBUG - main - State: [{7}, set(), 0]
2025-01-20 16:40:09,228 - DEBUG - main - State: [{8, 7}, set(), 0]
2025-01-20 16:40:09,429 - DEBUG - main - State: [{8, 15, 7}, set(), 0]
2025-01-20 16:40:09,429 - DEBUG - main - Toggling visibility
2025-01-20 16:40:23,670 - DEBUG - main - State: [{14}, set(), 0]
2025-01-20 16:40:24,472 - DEBUG - main - State: [{14}, set(), 0]
2025-01-20 16:40:25,274 - DEBUG - main - State: [{0}, set(), 0]
2025-01-20 16:40:49,309 - DEBUG - main - State: [{10}, set(), 0]
2025-01-20 16:40:50,711 - DEBUG - main - State: [{10}, set(), 0]
2025-01-20 16:40:54,918 - DEBUG - main - State: [{0}, set(), 0]
2025-01-20 16:40:55,920 - DEBUG - main - State: [{10}, set(), 0]
2025-01-20 16:40:57,325 - DEBUG - main - State: [{10}, set(), 0]
2025-01-20 16:40:58,528 - DEBUG - main - State: [{7}, set(), 0]
2025-01-20 16:40:58,730 - DEBUG - main - State: [{8, 7}, set(), 0]
2025-01-20 16:40:59,331 - DEBUG - main - State: [{10}, set(), 0]
2025-01-20 16:40:59,733 - DEBUG - main - State: [{0}, set(), 0]
2025-01-20 16:40:59,935 - DEBUG - main - State: [{0}, set(), 0]
2025-01-20 16:41:03,941 - DEBUG - main - State: [{0}, set(), 0]
2025-01-20 16:41:06,145 - DEBUG - main - State: [{0}, set(), 0]
2025-01-20 16:41:08,149 - DEBUG - main - State: [{0}, set(), 0]
2025-01-20 16:41:08,952 - DEBUG - main - State: [{10}, set(), 0]
2025-01-20 16:41:11,356 - DEBUG - main - State: [{0}, set(), 0]
2025-01-20 16:41:14,559 - DEBUG - main - State: [{17}, set(), 0]
2025-01-20 16:41:17,963 - DEBUG - main - State: [{17}, set(), 0]
2025-01-20 16:41:19,166 - DEBUG - main - State: [{17}, set(), 0]
2025-01-20 16:41:20,368 - DEBUG - main - State: [{17}, set(), 0]
2025-01-20 16:41:22,171 - DEBUG - main - State: [{17}, set(), 0]
2025-01-20 16:41:23,572 - DEBUG - main - State: [{17}, set(), 0]
2025-01-20 16:41:25,375 - DEBUG - main - State: [{17}, set(), 0]
2025-01-20 16:41:26,776 - DEBUG - main - State: [{17}, set(), 0]
2025-01-20 16:41:28,579 - DEBUG - main - State: [{17}, set(), 0]
2025-01-20 16:41:30,381 - DEBUG - main - State: [{17}, set(), 0]
2025-01-20 16:41:31,382 - DEBUG - main - State: [{0}, set(), 0]
2025-01-20 16:41:34,186 - DEBUG - main - State: [{0}, set(), 0]
2025-01-20 16:41:35,589 - DEBUG - main - State: [{0}, set(), 0]
2025-01-20 16:41:37,391 - DEBUG - main - State: [{0}, set(), 0]
2025-01-20 16:41:38,393 - DEBUG - main - State: [{0}, set(), 0]
2025-01-20 16:41:40,797 - DEBUG - main - State: [{0}, set(), 0]
2025-01-20 16:42:07,028 - DEBUG - main - State: [{0}, set(), 0]
2025-01-20 16:42:14,037 - DEBUG - main - State: [{0}, set(), 0]
2025-01-20 16:42:17,243 - DEBUG - main - State: [{0}, set(), 0]
2025-01-20 16:42:18,044 - DEBUG - main - State: [{3}, set(), 0]
2025-01-20 16:42:21,050 - DEBUG - main - State: [{1}, set(), 0]
2025-01-20 16:42:21,251 - DEBUG - main - State: [{1}, set(), 0]
2025-01-20 16:42:21,452 - DEBUG - main - State: [{1}, set(), 0]
2025-01-20 16:42:21,654 - DEBUG - main - State: [{1}, set(), 0]
2025-01-20 16:42:21,854 - DEBUG - main - State: [{1}, set(), 0]
2025-01-20 16:42:21,855 - DEBUG - main - State: [{1}, set(), 0]
2025-01-20 16:42:25,260 - DEBUG - main - State: [{0}, set(), 0]
2025-01-20 16:42:26,261 - DEBUG - main - State: [{3}, set(), 0]
2025-01-20 16:42:27,263 - DEBUG - main - State: [{8, 3}, set(), 0]
2025-01-20 16:42:27,464 - DEBUG - main - State: [{8, 3, 7}, set(), 0]
2025-01-20 16:42:32,874 - DEBUG - main - State: [{0}, set(), 0]
2025-01-20 16:42:33,876 - DEBUG - main - State: [{6}, set(), 0]
2025-01-20 16:42:34,077 - DEBUG - main - State: [{1, 6}, set(), 0]
2025-01-20 16:42:34,478 - DEBUG - main - State: [{1, 5, 6}, set(), 0]
2025-01-20 16:42:42,690 - DEBUG - main - State: [{0}, set(), 0]
2025-01-20 16:42:44,894 - DEBUG - main - State: [{1}, set(), 0]
2025-01-20 16:42:45,094 - DEBUG - main - State: [{1}, set(), 0]
2025-01-20 16:42:45,495 - DEBUG - main - State: [{1}, set(), 0]
2025-01-20 16:42:45,696 - DEBUG - main - State: [{1}, set(), 0]
2025-01-20 16:42:45,896 - DEBUG - main - State: [{1}, set(), 0]
2025-01-20 16:42:46,097 - DEBUG - main - State: [{1}, set(), 0]
2025-01-20 16:42:46,298 - DEBUG - main - State: [{1}, set(), 0]
2025-01-20 16:42:46,498 - DEBUG - main - State: [{1}, set(), 0]
2025-01-20 16:42:49,704 - DEBUG - main - State: [{0}, set(), 0]
2025-01-20 16:42:50,706 - DEBUG - main - State: [{3}, set(), 0]
2025-01-20 16:43:01,122 - DEBUG - main - State: [{0}, set(), 0]
2025-01-20 16:43:02,526 - DEBUG - main - State: [{1}, set(), 0]
2025-01-20 16:43:03,328 - DEBUG - main - State: [{2}, set(), 0]
2025-01-20 16:43:04,530 - DEBUG - main - State: [{2}, set(), 0]
2025-01-20 16:43:06,933 - DEBUG - main - State: [{3}, set(), 0]
2025-01-20 16:43:09,137 - DEBUG - main - State: [{0}, set(), 0]
2025-01-20 16:43:10,138 - DEBUG - main - State: [{1}, set(), 0]
2025-01-20 16:43:17,348 - DEBUG - main - State: [{0}, set(), 0]
2025-01-20 16:43:18,950 - DEBUG - main - State: [{8}, set(), 0]
2025-01-20 16:43:19,952 - DEBUG - main - State: [{7, 8}, set(), 0]
2025-01-20 16:43:28,362 - DEBUG - main - State: [{0}, set(), 0]
2025-01-20 16:43:30,365 - DEBUG - main - State: [{3}, set(), 0]
2025-01-20 16:43:35,374 - DEBUG - main - State: [{0}, set(), 0]
2025-01-20 16:43:36,176 - DEBUG - main - State: [{1}, set(), 0]
2025-01-20 16:43:37,178 - DEBUG - main - State: [{3}, set(), 0]
2025-01-20 16:43:40,583 - DEBUG - main - State: [{0}, set(), 0]
2025-01-20 16:43:41,786 - DEBUG - main - State: [{8}, set(), 0]
2025-01-20 16:43:42,787 - DEBUG - main - State: [{1}, set(), 0]
2025-01-20 16:43:42,988 - DEBUG - main - State: [{1}, set(), 0]
2025-01-20 16:43:42,989 - DEBUG - main - State: [{1}, set(), 0]
2025-01-20 16:43:43,189 - DEBUG - main - State: [{1}, set(), 0]
2025-01-20 16:43:43,390 - DEBUG - main - State: [{1}, set(), 0]
2025-01-20 16:43:43,591 - DEBUG - main - State: [{1}, set(), 0]
2025-01-20 16:43:57,209 - DEBUG - main - State: [{0}, set(), 0]
2025-01-20 16:44:02,616 - DEBUG - main - State: [{0}, set(), 0]
2025-01-20 16:44:07,022 - DEBUG - main - State: [{0}, set(), 0]
2025-01-20 16:44:15,434 - DEBUG - main - State: [{0}, set(), 0]
2025-01-20 16:44:16,636 - DEBUG - main - State: [{1}, set(), 0]
2025-01-20 16:44:16,636 - DEBUG - main - State: [{1, 8}, set(), 0]
2025-01-20 16:44:19,040 - DEBUG - main - State: [{0}, set(), 0]
2025-01-20 16:44:19,441 - DEBUG - main - State: [{3}, set(), 0]
2025-01-20 16:44:19,642 - DEBUG - main - State: [{3, 8}, set(), 0]
2025-01-20 16:44:21,845 - DEBUG - main - State: [{0}, set(), 0]
2025-01-20 16:44:31,057 - DEBUG - main - State: [{0}, set(), 0]
2025-01-20 16:44:32,059 - DEBUG - main - State: [{8}, set(), 0]
2025-01-20 16:44:32,059 - DEBUG - main - State: [{1, 8}, set(), 0]
2025-01-20 16:44:34,062 - DEBUG - main - State: [{0}, set(), 0]
2025-01-20 16:44:34,663 - DEBUG - main - State: [{3}, set(), 0]
2025-01-20 16:44:34,663 - DEBUG - main - State: [{3, 8}, set(), 0]
2025-01-20 16:44:41,073 - DEBUG - main - State: [{0}, set(), 0]
2025-01-20 16:44:41,474 - DEBUG - main - State: [{3}, set(), 0]
2025-01-20 16:44:41,474 - DEBUG - main - State: [{3, 8}, set(), 0]
2025-01-20 16:44:43,276 - DEBUG - main - State: [{0}, set(), 0]
2025-01-20 16:44:43,677 - DEBUG - main - State: [{1}, set(), 0]
2025-01-20 16:44:43,677 - DEBUG - main - State: [{1, 8}, set(), 0]
2025-01-20 16:44:55,295 - DEBUG - main - State: [{0}, set(), 0]
2025-01-20 16:44:56,297 - DEBUG - main - State: [{3}, set(), 0]
2025-01-20 16:44:56,497 - DEBUG - main - State: [{3, 8}, set(), 0]
2025-01-20 16:45:00,503 - DEBUG - main - State: [{0}, set(), 0]
2025-01-20 16:45:01,505 - DEBUG - main - State: [{1}, set(), 0]
2025-01-20 16:45:01,506 - DEBUG - main - State: [{1, 8}, set(), 0]
2025-01-20 16:45:03,909 - DEBUG - main - State: [{0}, set(), 0]
2025-01-20 16:45:11,118 - DEBUG - main - State: [{0}, set(), 0]
2025-01-20 16:45:16,524 - DEBUG - main - State: [{0}, set(), 0]
2025-01-20 16:45:17,526 - DEBUG - main - State: [{3}, set(), 0]
2025-01-20 16:45:17,726 - DEBUG - main - State: [{3, 8}, set(), 0]
2025-01-20 16:45:19,529 - DEBUG - main - State: [{8}, set(), 0]
2025-01-20 16:45:19,529 - DEBUG - main - State: [{1, 8}, set(), 0]
2025-01-20 16:45:20,531 - DEBUG - main - State: [{0}, set(), 0]
2025-01-20 16:45:24,336 - DEBUG - main - State: [{0}, set(), 0]
2025-01-20 16:45:25,738 - DEBUG - main - State: [{7}, set(), 0]
2025-01-20 16:45:25,739 - DEBUG - main - State: [{7, 8}, set(), 0]
2025-01-20 16:45:25,940 - DEBUG - main - State: [{3, 7, 8}, set(), 0]
2025-01-20 16:45:26,741 - DEBUG - main - State: [{0, 7, 8}, set(), 0]
2025-01-20 16:45:27,142 - DEBUG - main - State: [{1, 7, 8}, set(), 0]
2025-01-20 16:45:27,543 - DEBUG - main - State: [{2, 7, 8}, set(), 0]
2025-01-20 16:45:36,554 - DEBUG - main - State: [{0}, set(), 0]
2025-01-20 16:45:37,356 - DEBUG - main - State: [{3}, set(), 0]
2025-01-20 16:45:42,761 - DEBUG - main - State: [{0}, set(), 0]
2025-01-20 16:45:45,365 - DEBUG - main - State: [{0}, set(), 0]
2025-01-20 16:45:48,369 - DEBUG - main - State: [{15}, set(), 0]
2025-01-20 16:45:48,571 - DEBUG - main - State: [{15}, set(), 0]
2025-01-20 16:45:48,772 - DEBUG - main - State: [{15}, set(), 0]
2025-01-20 16:45:49,174 - DEBUG - main - State: [{0}, set(), 0]
2025-01-20 16:45:50,376 - DEBUG - main - State: [{14}, set(), 0]
2025-01-20 16:45:50,577 - DEBUG - main - State: [{0}, set(), 0]
2025-01-20 16:45:52,781 - DEBUG - main - State: [{0}, set(), 0]
2025-01-20 16:45:55,786 - DEBUG - main - State: [{7}, set(), 0]
2025-01-20 16:45:55,786 - DEBUG - main - State: [{7, 8}, set(), 0]
2025-01-20 16:45:55,987 - DEBUG - main - State: [{7, 8, 15}, set(), 0]
2025-01-20 16:45:55,988 - DEBUG - main - Toggling visibility
2025-01-20 16:46:13,648 - DEBUG - main - State: [{14}, set(), 0]
2025-01-20 16:46:15,051 - DEBUG - main - State: [{0}, set(), 0]
2025-01-20 16:46:30,677 - DEBUG - main - State: [{10}, set(), 0]
2025-01-20 16:46:32,680 - DEBUG - main - State: [{17}, set(), 0]
2025-01-20 16:46:33,081 - DEBUG - main - State: [{17}, set(), 0]
2025-01-20 16:46:33,683 - DEBUG - main - State: [{16}, set(), 0]
2025-01-20 16:46:33,883 - DEBUG - main - State: [{16}, set(), 0]
2025-01-20 16:46:35,285 - DEBUG - main - State: [{17}, set(), 0]
2025-01-20 16:46:35,486 - DEBUG - main - State: [{17}, set(), 0]
2025-01-20 16:46:35,687 - DEBUG - main - State: [{17}, set(), 0]
2025-01-20 16:46:36,688 - DEBUG - main - State: [{0}, set(), 0]
2025-01-20 16:46:38,891 - DEBUG - main - State: [{1}, set(), 0]
2025-01-20 16:46:39,292 - DEBUG - main - State: [{16}, set(), 0]
2025-01-20 16:46:39,492 - DEBUG - main - State: [{16}, set(), 0]
2025-01-20 16:46:39,693 - DEBUG - main - State: [{16}, set(), 0]
2025-01-20 16:46:40,094 - DEBUG - main - State: [{0}, set(), 0]
2025-01-20 16:47:08,336 - DEBUG - main - State: [{0}, set(), 0]
2025-01-20 16:47:38,374 - DEBUG - main - State: [{0}, set(), 0]
2025-01-20 16:48:24,633 - DEBUG - main - State: [{0}, set(), 0]
2025-01-20 16:49:14,092 - DEBUG - main - State: [{0}, set(), 0]
2025-01-20 16:49:17,096 - DEBUG - main - State: [{0}, set(), 0]
2025-01-20 16:49:22,702 - DEBUG - main - State: [{0}, set(), 0]
2025-01-20 16:49:32,714 - DEBUG - main - State: [{0}, set(), 0]
2025-01-20 16:49:58,340 - DEBUG - main - State: [{0}, set(), 0]
2025-01-20 16:50:02,544 - DEBUG - main - State: [{0}, set(), 0]
2025-01-20 16:50:05,347 - DEBUG - main - State: [{0}, set(), 0]
2025-01-20 16:50:09,552 - DEBUG - main - State: [{0}, set(), 0]
2025-01-20 16:50:11,755 - DEBUG - main - State: [{0}, set(), 0]
2025-01-20 16:50:14,559 - DEBUG - main - State: [{0}, set(), 0]
2025-01-20 16:50:19,364 - DEBUG - main - State: [{0}, set(), 0]
2025-01-20 16:50:20,766 - DEBUG - main - State: [{0}, set(), 0]
2025-01-20 16:50:27,373 - DEBUG - main - State: [{0}, set(), 0]
2025-01-20 16:50:30,177 - DEBUG - main - State: [{0}, set(), 0]
2025-01-20 16:50:33,982 - DEBUG - main - State: [{0}, set(), 0]
2025-01-20 16:50:35,584 - DEBUG - main - State: [{0}, set(), 0]
2025-01-20 16:50:38,988 - DEBUG - main - State: [{0}, set(), 0]
2025-01-20 16:50:41,794 - DEBUG - main - State: [{0}, set(), 0]
2025-01-20 16:50:48,002 - DEBUG - main - State: [{0}, set(), 0]
2025-01-20 16:50:50,205 - DEBUG - main - State: [{0}, set(), 0]
2025-01-20 16:50:54,410 - DEBUG - main - State: [{0}, set(), 0]
2025-01-20 16:50:56,613 - DEBUG - main - State: [{0}, set(), 0]
2025-01-20 16:50:58,216 - DEBUG - main - State: [{0}, set(), 0]
2025-01-20 16:51:00,820 - DEBUG - main - State: [{0}, set(), 0]
2025-01-20 16:51:03,223 - DEBUG - main - State: [{0}, set(), 0]
2025-01-20 16:51:05,426 - DEBUG - main - State: [{0}, set(), 0]
2025-01-20 16:51:07,831 - DEBUG - main - State: [{8}, set(), 0]
2025-01-20 16:51:07,832 - DEBUG - main - State: [{8, 7}, set(), 0]
2025-01-20 16:51:07,832 - DEBUG - main - State: [{7, 8, 15}, set(), 0]
2025-01-20 16:51:07,833 - DEBUG - main - Toggling visibility
2025-01-20 16:51:59,310 - DEBUG - main - State: [{15}, set(), 0]
2025-01-20 16:51:59,510 - DEBUG - main - State: [{15}, set(), 0]
2025-01-20 16:51:59,711 - DEBUG - main - State: [{15}, set(), 0]
2025-01-20 16:52:00,313 - DEBUG - main - State: [{15}, set(), 0]
2025-01-20 16:52:16,149 - DEBUG - main - State: [{14}, set(), 0]
2025-01-20 16:52:16,351 - DEBUG - main - State: [{14}, set(), 0]
2025-01-20 16:52:16,752 - DEBUG - main - State: [{14}, set(), 0]
2025-01-20 16:52:17,154 - DEBUG - main - State: [{16}, set(), 0]
2025-01-20 16:52:17,756 - DEBUG - main - State: [{17}, set(), 0]
2025-01-20 16:52:17,957 - DEBUG - main - State: [{17}, set(), 0]
2025-01-20 16:52:18,358 - DEBUG - main - State: [{1}, set(), 0]
2025-01-20 16:52:19,362 - DEBUG - main - State: [{17}, set(), 0]
2025-01-20 16:52:19,763 - DEBUG - main - State: [{16}, set(), 0]
2025-01-20 16:52:19,964 - DEBUG - main - State: [{0}, set(), 0]
2025-01-20 16:52:20,566 - DEBUG - main - State: [{17}, set(), 0]
2025-01-20 16:52:21,169 - DEBUG - main - State: [{16}, set(), 0]
2025-01-20 16:52:21,370 - DEBUG - main - State: [{15}, set(), 0]
2025-01-20 16:52:21,771 - DEBUG - main - State: [{15}, set(), 0]
2025-01-20 16:52:21,972 - DEBUG - main - State: [{15}, set(), 0]
2025-01-20 16:52:22,573 - DEBUG - main - State: [{14}, set(), 0]
2025-01-20 16:52:22,975 - DEBUG - main - State: [{14}, set(), 0]
2025-01-20 16:52:23,177 - DEBUG - main - State: [{14}, set(), 0]
2025-01-20 16:52:23,980 - DEBUG - main - State: [{1}, set(), 0]
2025-01-20 16:52:24,383 - DEBUG - main - State: [{17}, set(), 0]
2025-01-20 16:52:25,185 - DEBUG - main - State: [{16}, set(), 0]
2025-01-20 16:52:25,386 - DEBUG - main - State: [{16}, set(), 0]
2025-01-20 16:52:25,988 - DEBUG - main - State: [{0}, set(), 0]
2025-01-20 16:52:26,590 - DEBUG - main - State: [{1}, set(), 0]
2025-01-20 16:52:26,991 - DEBUG - main - State: [{16}, set(), 0]
2025-01-20 16:52:27,394 - DEBUG - main - State: [{0}, set(), 0]
2025-01-20 16:52:27,795 - DEBUG - main - State: [{1}, set(), 0]
2025-01-20 16:52:28,197 - DEBUG - main - State: [{16}, set(), 0]
2025-01-20 16:52:28,398 - DEBUG - main - State: [{16}, set(), 0]
2025-01-20 16:52:29,000 - DEBUG - main - State: [{17}, set(), 0]
2025-01-20 16:52:29,602 - DEBUG - main - State: [{16}, set(), 0]
2025-01-20 16:52:30,404 - DEBUG - main - State: [{17}, set(), 0]
2025-01-20 16:52:31,406 - DEBUG - main - State: [{0}, set(), 0]
2025-01-20 16:52:32,208 - DEBUG - main - State: [{15}, set(), 0]
2025-01-20 16:52:32,810 - DEBUG - main - State: [{15}, set(), 0]
2025-01-20 16:52:33,412 - DEBUG - main - State: [{15}, set(), 0]
2025-01-20 16:52:33,814 - DEBUG - main - State: [{14}, set(), 0]
2025-01-20 16:52:34,215 - DEBUG - main - State: [{14}, set(), 0]
2025-01-20 16:52:36,219 - DEBUG - main - State: [{15}, set(), 0]
2025-01-20 16:52:36,420 - DEBUG - main - State: [{15}, set(), 0]
2025-01-20 16:52:37,623 - DEBUG - main - State: [{15}, set(), 0]
2025-01-20 16:52:38,224 - DEBUG - main - State: [{14}, set(), 0]
2025-01-20 16:52:40,228 - DEBUG - main - State: [{15}, set(), 0]
2025-01-20 16:52:41,632 - DEBUG - main - State: [{15}, set(), 0]
2025-01-20 16:52:43,036 - DEBUG - main - State: [{14}, set(), 0]
2025-01-20 16:52:45,441 - DEBUG - main - State: [{14}, set(), 0]
2025-01-20 16:52:50,849 - DEBUG - main - State: [{15}, set(), 0]
2025-01-20 16:52:51,050 - DEBUG - main - State: [{15}, set(), 0]
2025-01-20 16:52:51,250 - DEBUG - main - State: [{15}, set(), 0]
2025-01-20 16:52:53,053 - DEBUG - main - State: [{15}, set(), 0]
2025-01-20 16:52:53,856 - DEBUG - main - State: [{14}, set(), 0]
2025-01-20 16:52:55,261 - DEBUG - main - State: [{1}, set(), 0]
2025-01-20 16:52:55,863 - DEBUG - main - State: [{16}, set(), 0]
2025-01-20 16:52:56,466 - DEBUG - main - State: [{0}, set(), 0]
2025-01-20 16:52:56,867 - DEBUG - main - State: [{15}, set(), 0]
2025-01-20 16:52:57,268 - DEBUG - main - State: [{15}, set(), 0]
2025-01-20 16:52:57,469 - DEBUG - main - State: [{15}, set(), 0]
2025-01-20 16:52:58,272 - DEBUG - main - State: [{1}, set(), 0]
2025-01-20 16:52:58,473 - DEBUG - main - State: [{16}, set(), 0]
2025-01-20 16:52:59,075 - DEBUG - main - State: [{0}, set(), 0]
2025-01-20 16:52:59,676 - DEBUG - main - State: [{15}, set(), 0]
2025-01-20 16:53:00,078 - DEBUG - main - State: [{15}, set(), 0]
2025-01-20 16:53:00,279 - DEBUG - main - State: [{15}, set(), 0]
2025-01-20 16:53:00,681 - DEBUG - main - State: [{15}, set(), 0]
2025-01-20 16:53:01,083 - DEBUG - main - State: [{15}, set(), 0]
2025-01-20 16:53:01,486 - DEBUG - main - State: [{1}, set(), 0]
2025-01-20 16:53:02,088 - DEBUG - main - State: [{16}, set(), 0]
2025-01-20 16:53:03,091 - DEBUG - main - State: [{4}, set(), 0]
2025-01-20 16:53:03,092 - DEBUG - main - Joymouse: ON
2025-01-20 16:53:03,494 - DEBUG - main - State: [{11}, set(), 0]
2025-01-20 16:53:03,494 - DEBUG - main - Grabbing GPIO
2025-01-20 16:53:05,902 - DEBUG - main - State: [{8}, set(), 0]
2025-01-20 16:53:05,903 - DEBUG - main - Ungrabbing GPIO
2025-01-20 16:53:09,525 - DEBUG - main - State: [{8}, set(), 0]
2025-01-20 16:53:10,126 - DEBUG - main - State: [{8}, set(), 0]
2025-01-20 16:53:11,129 - DEBUG - main - State: [{4}, set(), 0]
2025-01-20 16:53:11,130 - DEBUG - main - Joymouse: OFF
2025-01-20 16:53:11,531 - DEBUG - main - State: [{17}, set(), 0]
2025-01-20 16:53:11,933 - DEBUG - main - State: [{17}, set(), 0]
2025-01-20 16:53:12,134 - DEBUG - main - State: [{17}, set(), 0]
2025-01-20 16:53:12,535 - DEBUG - main - State: [{17}, set(), 0]
2025-01-20 16:53:12,937 - DEBUG - main - State: [{17}, set(), 0]
2025-01-20 16:53:13,339 - DEBUG - main - State: [{17}, set(), 0]
2025-01-20 16:53:14,745 - DEBUG - main - State: [{17}, set(), 0]
2025-01-20 16:53:15,146 - DEBUG - main - State: [{17}, set(), 0]
2025-01-20 16:53:17,552 - DEBUG - main - State: [{17}, set(), 0]
2025-01-20 16:53:18,355 - DEBUG - main - State: [{16}, set(), 0]
2025-01-20 16:53:18,758 - DEBUG - main - State: [{16}, set(), 0]
2025-01-20 16:53:19,560 - DEBUG - main - State: [{16}, set(), 0]
2025-01-20 16:53:20,764 - DEBUG - main - State: [{16}, set(), 0]
2025-01-20 16:53:21,770 - DEBUG - main - State: [{16}, set(), 0]
2025-01-20 16:53:22,172 - DEBUG - main - State: [{16}, set(), 0]
2025-01-20 16:53:22,774 - DEBUG - main - State: [{17}, set(), 0]
2025-01-20 16:53:23,175 - DEBUG - main - State: [{17}, set(), 0]
2025-01-20 16:53:23,577 - DEBUG - main - State: [{16}, set(), 0]
2025-01-20 16:53:23,778 - DEBUG - main - State: [{16}, set(), 0]
2025-01-20 16:53:24,179 - DEBUG - main - State: [{16}, set(), 0]
2025-01-20 16:53:24,581 - DEBUG - main - State: [{16}, set(), 0]
2025-01-20 16:53:25,383 - DEBUG - main - State: [{16}, set(), 0]
2025-01-20 16:53:26,386 - DEBUG - main - State: [{17}, set(), 0]
2025-01-20 16:53:26,788 - DEBUG - main - State: [{16}, set(), 0]
2025-01-20 16:53:27,590 - DEBUG - main - State: [{16}, set(), 0]
2025-01-20 16:53:28,593 - DEBUG - main - State: [{16}, set(), 0]
2025-01-20 16:53:29,395 - DEBUG - main - State: [{17}, set(), 0]
2025-01-20 16:53:29,797 - DEBUG - main - State: [{0}, set(), 0]
2025-01-20 16:53:31,000 - DEBUG - main - State: [{1}, set(), 0]
2025-01-20 16:53:31,403 - DEBUG - main - State: [{16}, set(), 0]
2025-01-20 16:53:31,805 - DEBUG - main - State: [{16}, set(), 0]
2025-01-20 16:53:32,207 - DEBUG - main - State: [{16}, set(), 0]
2025-01-20 16:53:32,408 - DEBUG - main - State: [{16}, set(), 0]
2025-01-20 16:53:33,010 - DEBUG - main - State: [{16}, set(), 0]
2025-01-20 16:53:34,012 - DEBUG - main - State: [{16}, set(), 0]
2025-01-20 16:53:34,614 - DEBUG - main - State: [{16}, set(), 0]
2025-01-20 16:53:35,216 - DEBUG - main - State: [{16}, set(), 0]
2025-01-20 16:53:36,220 - DEBUG - main - State: [{16}, set(), 0]
2025-01-20 16:53:37,223 - DEBUG - main - State: [{16}, set(), 0]
2025-01-20 16:53:59,674 - DEBUG - main - State: [{0}, set(), 0]
2025-01-20 16:54:00,677 - DEBUG - main - State: [{15}, set(), 0]
2025-01-20 16:54:01,079 - DEBUG - main - State: [{14}, set(), 0]
2025-01-20 16:54:02,081 - DEBUG - main - State: [{1}, set(), 0]
2025-01-20 16:54:02,484 - DEBUG - main - State: [{16}, set(), 0]
2025-01-20 16:54:02,685 - DEBUG - main - State: [{16}, set(), 0]
2025-01-20 16:54:02,886 - DEBUG - main - State: [{16}, set(), 0]
2025-01-20 16:54:03,288 - DEBUG - main - State: [{16}, set(), 0]
2025-01-20 16:54:03,689 - DEBUG - main - State: [{16}, set(), 0]
2025-01-20 16:54:04,090 - DEBUG - main - State: [{16}, set(), 0]
2025-01-20 16:54:04,491 - DEBUG - main - State: [{16}, set(), 0]
2025-01-20 16:54:04,893 - DEBUG - main - State: [{16}, set(), 0]
2025-01-20 16:54:05,695 - DEBUG - main - State: [{16}, set(), 0]
2025-01-20 16:54:06,296 - DEBUG - main - State: [{16}, set(), 0]
2025-01-20 16:54:06,898 - DEBUG - main - State: [{16}, set(), 0]
2025-01-20 16:54:07,099 - DEBUG - main - State: [{16}, set(), 0]
2025-01-20 16:54:07,501 - DEBUG - main - State: [{16}, set(), 0]
2025-01-20 16:54:08,504 - DEBUG - main - State: [{17}, set(), 0]
2025-01-20 16:54:08,705 - DEBUG - main - State: [{0}, set(), 0]
2025-01-20 16:54:09,907 - DEBUG - main - State: [{14}, set(), 0]
2025-01-20 16:54:10,308 - DEBUG - main - State: [{0}, set(), 0]
2025-01-20 16:54:18,720 - DEBUG - main - State: [{7}, set(), 0]
2025-01-20 16:54:18,720 - DEBUG - main - State: [{7, 8}, set(), 0]
2025-01-20 16:54:18,921 - DEBUG - main - State: [{7, 8, 15}, set(), 0]
2025-01-20 16:54:18,922 - DEBUG - main - Toggling visibility
2025-01-20 16:54:27,953 - DEBUG - main - State: [{4}, set(), 0]
2025-01-20 16:54:27,954 - DEBUG - main - Joymouse: ON
2025-01-20 16:54:28,355 - DEBUG - main - State: [{11}, set(), 0]
2025-01-20 16:54:28,355 - DEBUG - main - Grabbing GPIO
2025-01-20 16:54:31,766 - DEBUG - main - State: [{8}, set(), 0]
2025-01-20 16:54:31,767 - DEBUG - main - Ungrabbing GPIO
2025-01-20 16:54:33,782 - DEBUG - main - State: [{8}, set(), 0]
2025-01-20 16:54:34,183 - DEBUG - main - State: [{8}, set(), 0]
2025-01-20 16:54:48,002 - DEBUG - main - State: [{10}, set(), 0]
2025-01-20 16:54:48,603 - DEBUG - main - State: [{8}, set(), 0]
2025-01-20 16:54:49,005 - DEBUG - main - State: [{0}, set(), 0]
2025-01-20 16:54:50,210 - DEBUG - main - State: [{1}, set(), 0]
2025-01-20 16:54:51,416 - DEBUG - main - State: [{14}, set(), 0]
2025-01-20 16:54:52,019 - DEBUG - main - State: [{0}, set(), 0]
2025-01-20 16:54:52,421 - DEBUG - main - State: [{1}, set(), 0]
2025-01-20 16:54:52,824 - DEBUG - main - State: [{14}, set(), 0]
2025-01-20 16:54:53,025 - DEBUG - main - State: [{0}, set(), 0]
2025-01-20 16:54:53,627 - DEBUG - main - State: [{1}, set(), 0]
2025-01-20 16:54:53,829 - DEBUG - main - State: [{14}, set(), 0]
2025-01-20 16:54:54,031 - DEBUG - main - State: [{14}, set(), 0]
2025-01-20 16:54:54,232 - DEBUG - main - State: [{14}, set(), 0]
2025-01-20 16:54:54,434 - DEBUG - main - State: [{14}, set(), 0]
2025-01-20 16:54:55,037 - DEBUG - main - State: [{14}, set(), 0]
2025-01-20 16:54:55,238 - DEBUG - main - State: [{14}, set(), 0]
2025-01-20 16:54:55,439 - DEBUG - main - State: [{14}, set(), 0]
2025-01-20 16:54:55,842 - DEBUG - main - State: [{14}, set(), 0]
2025-01-20 16:54:56,446 - DEBUG - main - State: [{1}, set(), 0]
2025-01-20 17:13:16,081 - DEBUG - main - State: [{0}, set(), 0]
2025-01-20 17:13:16,490 - DEBUG - main - State: [{0}, set(), 0]
2025-01-20 17:13:16,690 - DEBUG - main - State: [{0}, set(), 0]
2025-01-20 17:13:16,691 - DEBUG - main - State: [{0}, set(), 0]
2025-01-20 17:13:16,891 - DEBUG - main - State: [{0}, set(), 0]
2025-01-20 17:13:23,505 - DEBUG - main - State: [{16}, set(), 0]
2025-01-20 17:13:24,507 - DEBUG - main - State: [{16}, set(), 0]
2025-01-20 17:13:24,911 - DEBUG - main - State: [{16}, set(), 0]
2025-01-20 17:13:25,314 - DEBUG - main - State: [{17}, set(), 0]
2025-01-20 17:13:25,715 - DEBUG - main - State: [{17}, set(), 0]
2025-01-20 17:13:31,323 - DEBUG - main - State: [{10}, set(), 0]
2025-01-20 17:13:31,725 - DEBUG - main - State: [{8}, set(), 0]
2025-01-20 17:13:31,926 - DEBUG - main - State: [{0}, set(), 0]
2025-01-20 17:13:32,128 - DEBUG - main - State: [{0}, set(), 0]
2025-01-20 17:13:32,330 - DEBUG - main - State: [{0}, set(), 0]
2025-01-20 17:13:52,046 - DEBUG - main - State: [{8}, set(), 0]
2025-01-20 17:14:10,720 - DEBUG - main - State: [{8}, set(), 0]
2025-01-20 17:14:15,342 - DEBUG - main - State: [{15}, set(), 0]
2025-01-20 17:14:16,349 - DEBUG - main - State: [{17}, set(), 0]
2025-01-20 17:14:16,551 - DEBUG - main - State: [{17}, set(), 0]
2025-01-20 17:14:16,956 - DEBUG - main - State: [{17}, set(), 0]
2025-01-20 17:14:17,767 - DEBUG - main - State: [{16}, set(), 0]
2025-01-20 17:14:18,577 - DEBUG - main - State: [{16}, set(), 0]
2025-01-20 17:14:23,808 - DEBUG - main - State: [{15}, set(), 0]
2025-01-20 17:14:24,211 - DEBUG - main - State: [{0}, set(), 0]
2025-01-20 17:14:25,018 - DEBUG - main - State: [{15}, set(), 0]
2025-01-20 17:14:25,223 - DEBUG - main - State: [{17}, set(), 0]
2025-01-20 17:14:26,232 - DEBUG - main - State: [{14}, set(), 0]
2025-01-20 17:14:26,839 - DEBUG - main - State: [{16}, set(), 0]
2025-01-20 17:14:27,243 - DEBUG - main - State: [{17}, set(), 0]
2025-01-20 17:14:27,445 - DEBUG - main - State: [{17}, set(), 0]
2025-01-20 17:14:27,851 - DEBUG - main - State: [{0}, set(), 0]
2025-01-20 17:14:28,659 - DEBUG - main - State: [{17}, set(), 0]
2025-01-20 17:14:31,881 - DEBUG - main - State: [{16}, set(), 0]
2025-01-20 17:14:32,891 - DEBUG - main - State: [{17}, set(), 0]
2025-01-20 17:14:33,095 - DEBUG - main - State: [{0}, set(), 0]
2025-01-20 17:14:44,127 - DEBUG - main - State: [{8}, set(), 0]
2025-01-20 17:14:46,536 - DEBUG - main - State: [{8}, set(), 0]
2025-01-20 17:14:48,747 - DEBUG - main - State: [{7}, set(), 0]
2025-01-20 17:14:54,365 - DEBUG - main - State: [{8}, set(), 0]
2025-01-20 17:15:30,528 - DEBUG - main - State: [{8}, set(), 0]
2025-01-20 17:15:30,935 - DEBUG - main - State: [{8}, set(), 0]
2025-01-20 17:15:35,363 - DEBUG - main - State: [{8}, set(), 0]
2025-01-20 17:17:56,755 - DEBUG - main - State: [{7}, set(), 0]
2025-01-20 17:17:56,957 - DEBUG - main - State: [{8, 7}, set(), 0]
2025-01-20 17:17:57,163 - DEBUG - main - State: [{7, 8, 15}, set(), 0]
2025-01-20 17:18:01,595 - DEBUG - main - State: [{4}, set(), 0]
2025-01-20 17:18:01,598 - DEBUG - main - Joymouse: OFF
2025-01-20 17:18:02,603 - DEBUG - main - State: [{7}, set(), 0]
2025-01-20 17:18:02,604 - DEBUG - main - State: [{7, 8}, set(), 0]
2025-01-20 17:18:02,805 - DEBUG - main - State: [{7, 8, 15}, set(), 0]
2025-01-20 17:18:02,807 - DEBUG - main - Toggling visibility
2025-01-20 17:18:11,862 - DEBUG - main - State: [{8}, set(), 0]
2025-01-20 17:18:11,866 - DEBUG - main - State: [{7, 8}, set(), 0]
2025-01-20 17:18:12,070 - DEBUG - main - State: [{7, 8, 15}, set(), 0]
2025-01-20 17:18:12,073 - DEBUG - main - Toggling visibility
2025-01-20 17:18:33,542 - DEBUG - main - State: [{17}, set(), 0]
2025-01-20 17:18:34,545 - DEBUG - main - State: [{17}, set(), 0]
2025-01-20 17:18:34,746 - DEBUG - main - State: [{16}, set(), 0]
2025-01-20 17:18:35,148 - DEBUG - main - State: [{16}, set(), 0]
2025-01-20 17:18:35,952 - DEBUG - main - State: [{9}, set(), 0]
2025-01-20 17:18:36,755 - DEBUG - main - State: [{10}, set(), 0]
2025-01-20 17:18:37,158 - DEBUG - main - State: [{8}, set(), 0]
2025-01-20 17:18:37,560 - DEBUG - main - State: [{14}, set(), 0]
2025-01-20 17:18:37,962 - DEBUG - main - State: [{14}, set(), 0]
2025-01-20 17:18:38,163 - DEBUG - main - State: [{0}, set(), 0]
2025-01-20 17:18:38,765 - DEBUG - main - State: [{0}, set(), 0]
2025-01-20 17:18:39,769 - DEBUG - main - State: [{15}, set(), 0]
2025-01-20 17:18:40,771 - DEBUG - main - State: [{15}, set(), 0]
2025-01-20 17:18:41,374 - DEBUG - main - State: [{15}, set(), 0]
2025-01-20 17:18:42,176 - DEBUG - main - State: [{15}, set(), 0]
2025-01-20 17:18:42,377 - DEBUG - main - State: [{15}, set(), 0]
2025-01-20 17:18:42,579 - DEBUG - main - State: [{15}, set(), 0]
2025-01-20 17:18:42,782 - DEBUG - main - State: [{15}, set(), 0]
2025-01-20 17:18:42,983 - DEBUG - main - State: [{15}, set(), 0]
2025-01-20 17:18:43,987 - DEBUG - main - State: [{14}, set(), 0]
2025-01-20 17:18:44,188 - DEBUG - main - State: [{14}, set(), 0]
2025-01-20 17:18:44,389 - DEBUG - main - State: [{14}, set(), 0]
2025-01-20 17:18:44,590 - DEBUG - main - State: [{14}, set(), 0]
2025-01-20 17:18:44,792 - DEBUG - main - State: [{14}, set(), 0]
2025-01-20 17:18:44,993 - DEBUG - main - State: [{0}, set(), 0]
2025-01-20 17:18:47,198 - DEBUG - main - State: [{0}, set(), 0]
2025-01-20 17:18:48,805 - DEBUG - main - State: [{1}, set(), 0]
2025-01-20 17:18:49,407 - DEBUG - main - State: [{1}, set(), 0]
2025-01-20 17:18:50,008 - DEBUG - main - State: [{1}, set(), 0]
2025-01-20 17:18:56,223 - DEBUG - main - State: [{6}, set(), 0]
2025-01-20 17:19:25,094 - DEBUG - main - State: [{8}, set(), 0]
2025-01-20 17:19:25,295 - DEBUG - main - State: [{7, 8}, set(), 0]
2025-01-20 17:19:25,697 - DEBUG - main - State: [{7, 8, 15}, set(), 0]
2025-01-20 17:19:25,698 - DEBUG - main - Toggling visibility
2025-01-20 17:20:08,222 - DEBUG - main - State: [{17}, set(), 0]
2025-01-20 17:20:08,624 - DEBUG - main - State: [{16}, set(), 0]
2025-01-20 17:20:10,229 - DEBUG - main - State: [{8}, set(), 0]
2025-01-20 17:20:10,431 - DEBUG - main - State: [{7, 8}, set(), 0]
2025-01-20 17:20:10,433 - DEBUG - main - State: [{7, 8, 15}, set(), 0]
2025-01-20 17:20:10,434 - DEBUG - main - Toggling visibility
2025-01-20 17:20:13,476 - ERROR - overlay - systemctl is-active --quiet ssh.socket: 
2025-01-20 17:20:13,713 - ERROR - overlay - systemctl is-active --quiet smbd: 
2025-01-20 17:25:13,150 - DEBUG - main - State: [{1}, set(), 0]
2025-01-20 17:25:14,755 - DEBUG - main - State: [{10}, set(), 0]
2025-01-20 17:25:15,358 - DEBUG - main - State: [{8}, set(), 0]
2025-01-20 17:25:15,962 - DEBUG - main - State: [{14}, set(), 0]
2025-01-20 17:25:15,963 - DEBUG - main - State: [{14}, set(), 0]
2025-01-20 17:25:16,365 - DEBUG - main - State: [{1}, set(), 0]
2025-01-20 17:25:16,968 - DEBUG - main - State: [{17}, set(), 0]
2025-01-20 17:25:17,770 - DEBUG - main - State: [{4}, set(), 0]
2025-01-20 17:25:17,772 - DEBUG - main - Joymouse: ON
2025-01-20 17:25:18,374 - DEBUG - main - State: [{4}, set(), 0]
2025-01-20 17:25:18,375 - DEBUG - main - Joymouse: OFF
2025-01-20 17:25:19,376 - DEBUG - main - State: [{17}, set(), 0]
2025-01-20 17:25:20,579 - DEBUG - main - State: [{0}, set(), 0]
2025-01-20 17:25:21,581 - DEBUG - main - State: [{1}, set(), 0]
2025-01-20 17:25:21,783 - DEBUG - main - State: [{17}, set(), 0]
2025-01-20 17:25:21,983 - DEBUG - main - State: [{0}, set(), 0]
2025-01-20 17:25:22,585 - DEBUG - main - State: [{1}, set(), 0]
2025-01-20 17:25:23,989 - DEBUG - main - State: [{4}, set(), 0]
2025-01-20 17:25:23,990 - DEBUG - main - Joymouse: ON
2025-01-20 17:25:24,191 - DEBUG - main - State: [{11}, set(), 0]
2025-01-20 17:25:24,193 - DEBUG - main - Grabbing GPIO
2025-01-20 17:25:28,409 - DEBUG - main - State: [{8}, set(), 0]
2025-01-20 17:25:28,410 - DEBUG - main - Ungrabbing GPIO
2025-01-20 17:25:30,429 - DEBUG - main - State: [{8}, set(), 0]
2025-01-20 17:25:31,231 - DEBUG - main - State: [{8}, set(), 0]
2025-01-20 17:25:32,634 - DEBUG - main - State: [{4}, set(), 0]
2025-01-20 17:25:32,635 - DEBUG - main - Joymouse: OFF
2025-01-20 17:29:17,508 - DEBUG - main - State: [{7}, set(), 0]
2025-01-20 17:29:17,508 - DEBUG - main - State: [{8, 7}, set(), 0]
2025-01-20 17:29:17,710 - DEBUG - main - State: [{8, 15, 7}, set(), 0]
2025-01-20 17:29:17,711 - DEBUG - main - Toggling visibility
2025-01-20 17:34:33,479 - DEBUG - main - State: [{5}, set(), 0]
2025-01-20 17:34:35,684 - DEBUG - main - State: [{10}, set(), 0]
2025-01-20 17:39:38,945 - DEBUG - main - State: [{10}, set(), 0]
2025-01-20 17:39:39,346 - DEBUG - main - State: [{10}, set(), 0]
2025-01-20 18:05:43,024 - DEBUG - main - State: [{10}, set(), 0]
2025-01-20 18:05:44,026 - DEBUG - main - State: [{4}, set(), 0]
2025-01-20 18:05:44,026 - DEBUG - main - Joymouse: ON
2025-01-20 18:05:44,428 - DEBUG - main - State: [{7}, set(), 0]
2025-01-20 18:05:44,429 - DEBUG - main - State: [{7, 8}, set(), 0]
2025-01-20 18:05:44,629 - DEBUG - main - State: [{7, 8, 15}, set(), 0]
2025-01-20 18:05:45,230 - DEBUG - main - State: [{4}, set(), 0]
2025-01-20 18:05:45,231 - DEBUG - main - Joymouse: OFF
2025-01-20 18:05:45,433 - DEBUG - main - State: [{7}, set(), 0]
2025-01-20 18:05:45,434 - DEBUG - main - State: [{7, 8}, set(), 0]
2025-01-20 18:05:45,642 - DEBUG - main - State: [{7, 8, 15}, set(), 0]
2025-01-20 18:05:45,643 - DEBUG - main - Toggling visibility
2025-01-20 18:05:49,671 - ERROR - overlay - tmux new-session -d -s simple: duplicate session: simple
2025-01-20 18:06:30,657 - DEBUG - main - State: [{7}, set(), 0]
2025-01-20 18:06:30,658 - DEBUG - main - State: [{8, 7}, set(), 0]
2025-01-20 18:06:30,659 - DEBUG - main - State: [{8, 15, 7}, set(), 0]
2025-01-20 18:06:31,863 - DEBUG - main - State: [{4}, set(), 0]
2025-01-20 18:06:31,864 - DEBUG - main - Joymouse: OFF
2025-01-20 18:06:32,266 - DEBUG - main - State: [{8}, set(), 0]
2025-01-20 18:06:32,267 - DEBUG - main - State: [{8, 7}, set(), 0]
2025-01-20 18:06:32,468 - DEBUG - main - State: [{8, 7, 15}, set(), 0]
2025-01-20 18:06:32,468 - DEBUG - main - Toggling visibility
2025-01-20 18:08:31,018 - DEBUG - main - State: [{4}, set(), 0]
2025-01-20 18:08:31,019 - DEBUG - main - Joymouse: ON
2025-01-20 18:08:31,222 - DEBUG - main - State: [{7}, set(), 0]
2025-01-20 18:08:31,423 - DEBUG - main - State: [{8, 7}, set(), 0]
2025-01-20 18:08:31,423 - DEBUG - main - State: [{8, 7, 15}, set(), 0]
2025-01-20 18:08:32,425 - DEBUG - main - State: [{4}, set(), 0]
2025-01-20 18:08:32,428 - DEBUG - main - Joymouse: OFF
2025-01-20 18:08:32,846 - DEBUG - main - State: [{8}, set(), 0]
2025-01-20 18:08:32,846 - DEBUG - main - State: [{8, 7}, set(), 0]
2025-01-20 18:08:33,047 - DEBUG - main - State: [{8, 7, 15}, set(), 0]
2025-01-20 18:08:33,048 - DEBUG - main - Toggling visibility
